Build started 11/16/2012 2:31:34 AM.
     1>Project "E:\MzG Engine\MzG Engine\MzG Engine.vcxproj" on node 2 (build target(s)).
     1>InitializeBuildStatus:
         Creating "Debug\MzG Engine.unsuccessfulbuild" because "AlwaysCreate" was specified.
       ClCompile:
         D:\Program Files (x86)\Microsoft Visual Studio 10.0\VC\bin\CL.exe /c /ZI /nologo /W3 /WX- /Od /Oy- /D WIN32 /D _DEBUG /D _WINDOWS /D _MBCS /Gm /EHsc /RTC1 /MDd /GS /fp:precise /Zc:wchar_t /Zc:forScope /Fo"Debug\\" /Fd"Debug\vc100.pdb" /Gd /TP /analyze- /errorReport:prompt Program.cpp
         Program.cpp
     1>e:\mzg engine\mzg engine\font2d.h(18): warning C4996: 'strcpy': This function or variable may be unsafe. Consider using strcpy_s instead. To disable deprecation, use _CRT_SECURE_NO_WARNINGS. See online help for details.
                 d:\program files (x86)\microsoft visual studio 10.0\vc\include\string.h(105) : see declaration of 'strcpy'
     1>e:\mzg engine\mzg engine\font2d.h(19): warning C4996: 'strcat': This function or variable may be unsafe. Consider using strcat_s instead. To disable deprecation, use _CRT_SECURE_NO_WARNINGS. See online help for details.
                 d:\program files (x86)\microsoft visual studio 10.0\vc\include\string.h(110) : see declaration of 'strcat'
     1>e:\mzg engine\mzg engine\font2d.h(41): warning C4996: 'strcpy': This function or variable may be unsafe. Consider using strcpy_s instead. To disable deprecation, use _CRT_SECURE_NO_WARNINGS. See online help for details.
                 d:\program files (x86)\microsoft visual studio 10.0\vc\include\string.h(105) : see declaration of 'strcpy'
     1>e:\mzg engine\mzg engine\font2d.h(42): warning C4996: 'strcat': This function or variable may be unsafe. Consider using strcat_s instead. To disable deprecation, use _CRT_SECURE_NO_WARNINGS. See online help for details.
                 d:\program files (x86)\microsoft visual studio 10.0\vc\include\string.h(110) : see declaration of 'strcat'
         IMPORTANT NOTE: The FBX SDK API changed substantially. Please define FBXSDK_NEW_API in your project and fix compilation errors as instructed in fbxsdk_compatibility.h.
     1>e:\mzg engine\mzg engine\program.cpp(34): warning C4996: 'sprintf': This function or variable may be unsafe. Consider using sprintf_s instead. To disable deprecation, use _CRT_SECURE_NO_WARNINGS. See online help for details.
                 d:\program files (x86)\microsoft visual studio 10.0\vc\include\stdio.h(371) : see declaration of 'sprintf'
     1>e:\mzg engine\mzg engine\program.cpp(104): warning C4101: 'mouseX' : unreferenced local variable
     1>e:\mzg engine\mzg engine\program.cpp(104): warning C4101: 'mouseY' : unreferenced local variable
     1>e:\mzg engine\mzg engine\program.cpp(261): warning C4482: nonstandard extension used: enum 'Camera::CameraType' used in qualified name
     1>e:\mzg engine\mzg engine\program.cpp(303): warning C4715: 'WinMain' : not all control paths return a value
       ManifestResourceCompile:
         All outputs are up-to-date.
       Link:
         D:\Program Files (x86)\Microsoft Visual Studio 10.0\VC\bin\link.exe /ERRORREPORT:PROMPT /OUT:"E:\MzG Engine\Debug\MzG Engine.exe" /INCREMENTAL /NOLOGO d3d9.lib d3dx10d.lib d3dx9d.lib dxerr.lib dxguid.lib dinput8.lib winmm.lib comctl32.lib "fbxsdk-2013.2-mdd.lib" kernel32.lib user32.lib gdi32.lib winspool.lib comdlg32.lib advapi32.lib shell32.lib ole32.lib oleaut32.lib uuid.lib odbc32.lib odbccp32.lib /MANIFEST /ManifestFile:"Debug\MzG Engine.exe.intermediate.manifest" /MANIFESTUAC:"level='asInvoker' uiAccess='false'" /DEBUG /PDB:"E:\MzG Engine\Debug\MzG Engine.pdb" /SUBSYSTEM:WINDOWS /TLBID:1 /DYNAMICBASE /NXCOMPAT /IMPLIB:"E:\MzG Engine\Debug\MzG Engine.lib" /MACHINE:X86 "Debug\MzG Engine.exe.embed.manifest.res"
         Debug\BaseMesh.obj
         Debug\Camera.obj
         Debug\D3DDevice.obj
         Debug\FbxLoader.obj
         Debug\EngineFbxManager.obj
         Debug\Font2d.obj
         Debug\InitWindow.obj
         Debug\InputHandle.obj
         Debug\Light.obj
         Debug\Program.obj
         Debug\SkyBoxBasic.obj
         Debug\StaticXfileLoader.obj
         Debug\temp.obj
         Debug\Timer.obj
         Debug\TreeDimentionalSound.obj
       Manifest:
         C:\Program Files (x86)\Microsoft SDKs\Windows\v7.0A\bin\mt.exe /nologo /verbose /out:"Debug\MzG Engine.exe.embed.manifest" /manifest "Debug\MzG Engine.exe.intermediate.manifest"
         All outputs are up-to-date.
       LinkEmbedManifest:
         All outputs are up-to-date.
         MzG Engine.vcxproj -> E:\MzG Engine\Debug\MzG Engine.exe
       FinalizeBuildStatus:
         Deleting file "Debug\MzG Engine.unsuccessfulbuild".
         Touching "Debug\MzG Engine.lastbuildstate".
     1>Done Building Project "E:\MzG Engine\MzG Engine\MzG Engine.vcxproj" (build target(s)).

Build succeeded.

Time Elapsed 00:00:04.38
