E:\MZG ENGINE\DEBUG\MZG ENGINE.EXE
E:\MZG ENGINE\DEBUG\MZG ENGINE.ILK
E:\MZG ENGINE\DEBUG\MZG ENGINE.PDB
E:\MzG Engine\MzG Engine\Debug\cl.command.1.tlog
E:\MzG Engine\MzG Engine\Debug\CL.read.1.tlog
E:\MzG Engine\MzG Engine\Debug\CL.write.1.tlog
E:\MZG ENGINE\MZG ENGINE\DEBUG\INITWINOW.OBJ
E:\MzG Engine\MzG Engine\Debug\link.1244.read.1.tlog
E:\MzG Engine\MzG Engine\Debug\link.1244.write.1.tlog
E:\MzG Engine\MzG Engine\Debug\link.1244-cvtres.read.1.tlog
E:\MzG Engine\MzG Engine\Debug\link.1244-cvtres.write.1.tlog
E:\MzG Engine\MzG Engine\Debug\link.1348.read.1.tlog
E:\MzG Engine\MzG Engine\Debug\link.1348.write.1.tlog
E:\MzG Engine\MzG Engine\Debug\link.1348-cvtres.read.1.tlog
E:\MzG Engine\MzG Engine\Debug\link.1348-cvtres.write.1.tlog
E:\MzG Engine\MzG Engine\Debug\link.1820.read.1.tlog
E:\MzG Engine\MzG Engine\Debug\link.1820.write.1.tlog
E:\MzG Engine\MzG Engine\Debug\link.1820-cvtres.read.1.tlog
E:\MzG Engine\MzG Engine\Debug\link.1820-cvtres.write.1.tlog
E:\MzG Engine\MzG Engine\Debug\link.3408.read.1.tlog
E:\MzG Engine\MzG Engine\Debug\link.3408.write.1.tlog
E:\MzG Engine\MzG Engine\Debug\link.3408-cvtres.read.1.tlog
E:\MzG Engine\MzG Engine\Debug\link.3408-cvtres.write.1.tlog
E:\MzG Engine\MzG Engine\Debug\link.command.1.tlog
E:\MzG Engine\MzG Engine\Debug\link.read.1.tlog
E:\MzG Engine\MzG Engine\Debug\link.write.1.tlog
E:\MzG Engine\MzG Engine\Debug\link-cvtres.read.1.tlog
E:\MzG Engine\MzG Engine\Debug\link-cvtres.write.1.tlog
E:\MzG Engine\MzG Engine\Debug\mt.command.1.tlog
E:\MzG Engine\MzG Engine\Debug\mt.read.1.tlog
E:\MzG Engine\MzG Engine\Debug\mt.write.1.tlog
E:\MZG ENGINE\MZG ENGINE\DEBUG\MZG ENGINE.EXE.EMBED.MANIFEST
E:\MZG ENGINE\MZG ENGINE\DEBUG\MZG ENGINE.EXE.EMBED.MANIFEST.RES
E:\MZG ENGINE\MZG ENGINE\DEBUG\MZG ENGINE.EXE.INTERMEDIATE.MANIFEST
E:\MzG Engine\MzG Engine\Debug\MzG Engine_manifest.rc
E:\MZG ENGINE\MZG ENGINE\DEBUG\PROGRAMM.OBJ
E:\MzG Engine\MzG Engine\Debug\rc.command.1.tlog
E:\MzG Engine\MzG Engine\Debug\rc.read.1.tlog
E:\MzG Engine\MzG Engine\Debug\rc.write.1.tlog
E:\MzG Engine\MzG Engine\Debug\vc100.idb
E:\MZG ENGINE\MZG ENGINE\DEBUG\VC100.PDB
