Build started 08/18/2012 12:54:39 ب.ظ.
     1>Project "E:\MzG Engine\MzG Engine\MzG Engine.vcxproj" on node 2 (build target(s)).
     1>InitializeBuildStatus:
         Touching "Release\MzG Engine.unsuccessfulbuild".
       ClCompile:
         All outputs are up-to-date.
       Link:
         D:\Program Files (x86)\Microsoft Visual Studio 10.0\VC\bin\link.exe /ERRORREPORT:PROMPT /OUT:"E:\MzG Engine\Release\MzG Engine.exe" /INCREMENTAL:NO /NOLOGO d3d9.lib d3dx10d.lib d3dx9d.lib dxerr.lib dxguid.lib dinput8.lib winmm.lib comctl32.lib "fbxsdk-2013.2-mdd.lib" kernel32.lib user32.lib gdi32.lib winspool.lib comdlg32.lib advapi32.lib shell32.lib ole32.lib oleaut32.lib uuid.lib odbc32.lib odbccp32.lib /MANIFEST /ManifestFile:"Release\MzG Engine.exe.intermediate.manifest" /MANIFESTUAC:"level='asInvoker' uiAccess='false'" /DEBUG /PDB:"E:\MzG Engine\Release\MzG Engine.pdb" /SUBSYSTEM:WINDOWS /OPT:REF /OPT:ICF /LTCG /TLBID:1 /DYNAMICBASE /NXCOMPAT /IMPLIB:"E:\MzG Engine\Release\MzG Engine.lib" /MACHINE:X86 Release\BaseMesh.obj
         Release\Camera.obj
         Release\D3DDevice.obj
         Release\FBXLoader.obj
         Release\FBXMesh.obj
         Release\Font2d.obj
         Release\InitWindow.obj
         Release\InputHandle.obj
         Release\Light.obj
         Release\Program.obj
         Release\StaticXmeshLoader.obj
         Release\TreeDimentionalSound.obj
     1>fbxsdk-2013.2-mdd.lib(fbxnode.obj) : error LNK2038: mismatch detected for '_ITERATOR_DEBUG_LEVEL': value '2' doesn't match value '0' in FBXLoader.obj
     1>fbxsdk-2013.2-mdd.lib(fbxiosettings.obj) : error LNK2038: mismatch detected for '_ITERATOR_DEBUG_LEVEL': value '2' doesn't match value '0' in FBXLoader.obj
     1>fbxsdk-2013.2-mdd.lib(fbximporter.obj) : error LNK2038: mismatch detected for '_ITERATOR_DEBUG_LEVEL': value '2' doesn't match value '0' in FBXLoader.obj
     1>fbxsdk-2013.2-mdd.lib(fbxscene.obj) : error LNK2038: mismatch detected for '_ITERATOR_DEBUG_LEVEL': value '2' doesn't match value '0' in FBXLoader.obj
     1>fbxsdk-2013.2-mdd.lib(fbxobject.obj) : error LNK2038: mismatch detected for '_ITERATOR_DEBUG_LEVEL': value '2' doesn't match value '0' in FBXLoader.obj
     1>fbxsdk-2013.2-mdd.lib(fbxvector4.obj) : error LNK2038: mismatch detected for '_ITERATOR_DEBUG_LEVEL': value '2' doesn't match value '0' in FBXLoader.obj
     1>fbxsdk-2013.2-mdd.lib(fbxmanager.obj) : error LNK2038: mismatch detected for '_ITERATOR_DEBUG_LEVEL': value '2' doesn't match value '0' in FBXLoader.obj
     1>fbxsdk-2013.2-mdd.lib(fbxstring.obj) : error LNK2038: mismatch detected for '_ITERATOR_DEBUG_LEVEL': value '2' doesn't match value '0' in FBXLoader.obj
     1>fbxsdk-2013.2-mdd.lib(fbxiopluginregistry.obj) : error LNK2038: mismatch detected for '_ITERATOR_DEBUG_LEVEL': value '2' doesn't match value '0' in FBXLoader.obj
     1>fbxsdk-2013.2-mdd.lib(fbxproperty.obj) : error LNK2038: mismatch detected for '_ITERATOR_DEBUG_LEVEL': value '2' doesn't match value '0' in FBXLoader.obj
     1>fbxsdk-2013.2-mdd.lib(fbxmesh.obj) : error LNK2038: mismatch detected for '_ITERATOR_DEBUG_LEVEL': value '2' doesn't match value '0' in FBXLoader.obj
     1>fbxsdk-2013.2-mdd.lib(fbxdebug.obj) : error LNK2038: mismatch detected for '_ITERATOR_DEBUG_LEVEL': value '2' doesn't match value '0' in FBXLoader.obj
     1>fbxsdk-2013.2-mdd.lib(fbxerror.obj) : error LNK2038: mismatch detected for '_ITERATOR_DEBUG_LEVEL': value '2' doesn't match value '0' in FBXLoader.obj
     1>fbxsdk-2013.2-mdd.lib(fbxdatatypes.obj) : error LNK2038: mismatch detected for '_ITERATOR_DEBUG_LEVEL': value '2' doesn't match value '0' in FBXLoader.obj
     1>fbxsdk-2013.2-mdd.lib(fbxpose.obj) : error LNK2038: mismatch detected for '_ITERATOR_DEBUG_LEVEL': value '2' doesn't match value '0' in FBXLoader.obj
     1>fbxsdk-2013.2-mdd.lib(fbxcharacter.obj) : error LNK2038: mismatch detected for '_ITERATOR_DEBUG_LEVEL': value '2' doesn't match value '0' in FBXLoader.obj
     1>fbxsdk-2013.2-mdd.lib(fbxtransforms.obj) : error LNK2038: mismatch detected for '_ITERATOR_DEBUG_LEVEL': value '2' doesn't match value '0' in FBXLoader.obj
     1>fbxsdk-2013.2-mdd.lib(fbxanimcurvefiltermatrixconverter.obj) : error LNK2038: mismatch detected for '_ITERATOR_DEBUG_LEVEL': value '2' doesn't match value '0' in FBXLoader.obj
     1>fbxsdk-2013.2-mdd.lib(fbxanimcurvenode.obj) : error LNK2038: mismatch detected for '_ITERATOR_DEBUG_LEVEL': value '2' doesn't match value '0' in FBXLoader.obj
     1>fbxsdk-2013.2-mdd.lib(fbxtime.obj) : error LNK2038: mismatch detected for '_ITERATOR_DEBUG_LEVEL': value '2' doesn't match value '0' in FBXLoader.obj
     1>fbxsdk-2013.2-mdd.lib(fbxaffinematrix.obj) : error LNK2038: mismatch detected for '_ITERATOR_DEBUG_LEVEL': value '2' doesn't match value '0' in FBXLoader.obj
     1>fbxsdk-2013.2-mdd.lib(fbxgeometry.obj) : error LNK2038: mismatch detected for '_ITERATOR_DEBUG_LEVEL': value '2' doesn't match value '0' in FBXLoader.obj
     1>fbxsdk-2013.2-mdd.lib(fbxcluster.obj) : error LNK2038: mismatch detected for '_ITERATOR_DEBUG_LEVEL': value '2' doesn't match value '0' in FBXLoader.obj
     1>fbxsdk-2013.2-mdd.lib(fbxskin.obj) : error LNK2038: mismatch detected for '_ITERATOR_DEBUG_LEVEL': value '2' doesn't match value '0' in FBXLoader.obj
     1>fbxsdk-2013.2-mdd.lib(fbxmatrix.obj) : error LNK2038: mismatch detected for '_ITERATOR_DEBUG_LEVEL': value '2' doesn't match value '0' in FBXLoader.obj
     1>fbxsdk-2013.2-mdd.lib(fbxanimevaluator.obj) : error LNK2038: mismatch detected for '_ITERATOR_DEBUG_LEVEL': value '2' doesn't match value '0' in FBXLoader.obj
     1>fbxsdk-2013.2-mdd.lib(fbxstringlist.obj) : error LNK2038: mismatch detected for '_ITERATOR_DEBUG_LEVEL': value '2' doesn't match value '0' in FBXLoader.obj
     1>fbxsdk-2013.2-mdd.lib(fbxanimcurvefilterunroll.obj) : error LNK2038: mismatch detected for '_ITERATOR_DEBUG_LEVEL': value '2' doesn't match value '0' in FBXLoader.obj
     1>fbxsdk-2013.2-mdd.lib(fbxanimcurvefilter.obj) : error LNK2038: mismatch detected for '_ITERATOR_DEBUG_LEVEL': value '2' doesn't match value '0' in FBXLoader.obj
     1>fbxsdk-2013.2-mdd.lib(fbxquery.obj) : error LNK2038: mismatch detected for '_ITERATOR_DEBUG_LEVEL': value '2' doesn't match value '0' in FBXLoader.obj
     1>fbxsdk-2013.2-mdd.lib(fbxpropertyhandle.obj) : error LNK2038: mismatch detected for '_ITERATOR_DEBUG_LEVEL': value '2' doesn't match value '0' in FBXLoader.obj
     1>fbxsdk-2013.2-mdd.lib(fbxanimstack.obj) : error LNK2038: mismatch detected for '_ITERATOR_DEBUG_LEVEL': value '2' doesn't match value '0' in FBXLoader.obj
     1>fbxsdk-2013.2-mdd.lib(fbxalloc.obj) : error LNK2038: mismatch detected for '_ITERATOR_DEBUG_LEVEL': value '2' doesn't match value '0' in FBXLoader.obj
     1>fbxsdk-2013.2-mdd.lib(fbxemitter.obj) : error LNK2038: mismatch detected for '_ITERATOR_DEBUG_LEVEL': value '2' doesn't match value '0' in FBXLoader.obj
     1>fbxsdk-2013.2-mdd.lib(fbxnamehandler.obj) : error LNK2038: mismatch detected for '_ITERATOR_DEBUG_LEVEL': value '2' doesn't match value '0' in FBXLoader.obj
     1>fbxsdk-2013.2-mdd.lib(fbxnodeattribute.obj) : error LNK2038: mismatch detected for '_ITERATOR_DEBUG_LEVEL': value '2' doesn't match value '0' in FBXLoader.obj
     1>fbxsdk-2013.2-mdd.lib(fbxsurfacematerial.obj) : error LNK2038: mismatch detected for '_ITERATOR_DEBUG_LEVEL': value '2' doesn't match value '0' in FBXLoader.obj
     1>fbxsdk-2013.2-mdd.lib(fbxclassid.obj) : error LNK2038: mismatch detected for '_ITERATOR_DEBUG_LEVEL': value '2' doesn't match value '0' in FBXLoader.obj
     1>fbxsdk-2013.2-mdd.lib(fbxcachedeffect.obj) : error LNK2038: mismatch detected for '_ITERATOR_DEBUG_LEVEL': value '2' doesn't match value '0' in FBXLoader.obj
     1>fbxsdk-2013.2-mdd.lib(fbxlodgroup.obj) : error LNK2038: mismatch detected for '_ITERATOR_DEBUG_LEVEL': value '2' doesn't match value '0' in FBXLoader.obj
     1>fbxsdk-2013.2-mdd.lib(fbxnull.obj) : error LNK2038: mismatch detected for '_ITERATOR_DEBUG_LEVEL': value '2' doesn't match value '0' in FBXLoader.obj
     1>fbxsdk-2013.2-mdd.lib(fbxmarker.obj) : error LNK2038: mismatch detected for '_ITERATOR_DEBUG_LEVEL': value '2' doesn't match value '0' in FBXLoader.obj
     1>fbxsdk-2013.2-mdd.lib(fbxskeleton.obj) : error LNK2038: mismatch detected for '_ITERATOR_DEBUG_LEVEL': value '2' doesn't match value '0' in FBXLoader.obj
     1>fbxsdk-2013.2-mdd.lib(fbxnurbs.obj) : error LNK2038: mismatch detected for '_ITERATOR_DEBUG_LEVEL': value '2' doesn't match value '0' in FBXLoader.obj
     1>fbxsdk-2013.2-mdd.lib(fbxnurbscurve.obj) : error LNK2038: mismatch detected for '_ITERATOR_DEBUG_LEVEL': value '2' doesn't match value '0' in FBXLoader.obj
     1>fbxsdk-2013.2-mdd.lib(fbxline.obj) : error LNK2038: mismatch detected for '_ITERATOR_DEBUG_LEVEL': value '2' doesn't match value '0' in FBXLoader.obj
     1>fbxsdk-2013.2-mdd.lib(fbxnurbssurface.obj) : error LNK2038: mismatch detected for '_ITERATOR_DEBUG_LEVEL': value '2' doesn't match value '0' in FBXLoader.obj
     1>fbxsdk-2013.2-mdd.lib(fbxtrimnurbssurface.obj) : error LNK2038: mismatch detected for '_ITERATOR_DEBUG_LEVEL': value '2' doesn't match value '0' in FBXLoader.obj
     1>fbxsdk-2013.2-mdd.lib(fbxsubdiv.obj) : error LNK2038: mismatch detected for '_ITERATOR_DEBUG_LEVEL': value '2' doesn't match value '0' in FBXLoader.obj
     1>fbxsdk-2013.2-mdd.lib(fbxpatch.obj) : error LNK2038: mismatch detected for '_ITERATOR_DEBUG_LEVEL': value '2' doesn't match value '0' in FBXLoader.obj
     1>fbxsdk-2013.2-mdd.lib(fbxopticalreference.obj) : error LNK2038: mismatch detected for '_ITERATOR_DEBUG_LEVEL': value '2' doesn't match value '0' in FBXLoader.obj
     1>fbxsdk-2013.2-mdd.lib(fbxcamera.obj) : error LNK2038: mismatch detected for '_ITERATOR_DEBUG_LEVEL': value '2' doesn't match value '0' in FBXLoader.obj
     1>fbxsdk-2013.2-mdd.lib(fbxcamerastereo.obj) : error LNK2038: mismatch detected for '_ITERATOR_DEBUG_LEVEL': value '2' doesn't match value '0' in FBXLoader.obj
     1>fbxsdk-2013.2-mdd.lib(fbxcameraswitcher.obj) : error LNK2038: mismatch detected for '_ITERATOR_DEBUG_LEVEL': value '2' doesn't match value '0' in FBXLoader.obj
     1>fbxsdk-2013.2-mdd.lib(fbxlight.obj) : error LNK2038: mismatch detected for '_ITERATOR_DEBUG_LEVEL': value '2' doesn't match value '0' in FBXLoader.obj
     1>fbxsdk-2013.2-mdd.lib(fbxanimlayer.obj) : error LNK2038: mismatch detected for '_ITERATOR_DEBUG_LEVEL': value '2' doesn't match value '0' in FBXLoader.obj
     1>fbxsdk-2013.2-mdd.lib(tree.obj) : error LNK2038: mismatch detected for '_ITERATOR_DEBUG_LEVEL': value '2' doesn't match value '0' in FBXLoader.obj
     1>fbxsdk-2013.2-mdd.lib(parser.obj) : error LNK2038: mismatch detected for '_ITERATOR_DEBUG_LEVEL': value '2' doesn't match value '0' in FBXLoader.obj
     1>fbxsdk-2013.2-mdd.lib(fbxfile.obj) : error LNK2038: mismatch detected for '_ITERATOR_DEBUG_LEVEL': value '2' doesn't match value '0' in FBXLoader.obj
     1>fbxsdk-2013.2-mdd.lib(xmlsave.obj) : error LNK2038: mismatch detected for '_ITERATOR_DEBUG_LEVEL': value '2' doesn't match value '0' in FBXLoader.obj
     1>fbxsdk-2013.2-mdd.lib(xmlstring.obj) : error LNK2038: mismatch detected for '_ITERATOR_DEBUG_LEVEL': value '2' doesn't match value '0' in FBXLoader.obj
     1>fbxsdk-2013.2-mdd.lib(globals.obj) : error LNK2038: mismatch detected for '_ITERATOR_DEBUG_LEVEL': value '2' doesn't match value '0' in FBXLoader.obj
     1>fbxsdk-2013.2-mdd.lib(fbxsystemunit.obj) : error LNK2038: mismatch detected for '_ITERATOR_DEBUG_LEVEL': value '2' doesn't match value '0' in FBXLoader.obj
     1>fbxsdk-2013.2-mdd.lib(fbxaxissystem.obj) : error LNK2038: mismatch detected for '_ITERATOR_DEBUG_LEVEL': value '2' doesn't match value '0' in FBXLoader.obj
     1>fbxsdk-2013.2-mdd.lib(fbxiobase.obj) : error LNK2038: mismatch detected for '_ITERATOR_DEBUG_LEVEL': value '2' doesn't match value '0' in FBXLoader.obj
     1>fbxsdk-2013.2-mdd.lib(fbxutils.obj) : error LNK2038: mismatch detected for '_ITERATOR_DEBUG_LEVEL': value '2' doesn't match value '0' in FBXLoader.obj
     1>fbxsdk-2013.2-mdd.lib(fbxstatistics.obj) : error LNK2038: mismatch detected for '_ITERATOR_DEBUG_LEVEL': value '2' doesn't match value '0' in FBXLoader.obj
     1>fbxsdk-2013.2-mdd.lib(fbxprogress.obj) : error LNK2038: mismatch detected for '_ITERATOR_DEBUG_LEVEL': value '2' doesn't match value '0' in FBXLoader.obj
     1>fbxsdk-2013.2-mdd.lib(fbxreader.obj) : error LNK2038: mismatch detected for '_ITERATOR_DEBUG_LEVEL': value '2' doesn't match value '0' in FBXLoader.obj
     1>fbxsdk-2013.2-mdd.lib(fbxdocument.obj) : error LNK2038: mismatch detected for '_ITERATOR_DEBUG_LEVEL': value '2' doesn't match value '0' in FBXLoader.obj
     1>fbxsdk-2013.2-mdd.lib(fbxdocumentinfo.obj) : error LNK2038: mismatch detected for '_ITERATOR_DEBUG_LEVEL': value '2' doesn't match value '0' in FBXLoader.obj
     1>fbxsdk-2013.2-mdd.lib(fbxthread.obj) : error LNK2038: mismatch detected for '_ITERATOR_DEBUG_LEVEL': value '2' doesn't match value '0' in FBXLoader.obj
     1>fbxsdk-2013.2-mdd.lib(fbxreaderfbx5.obj) : error LNK2038: mismatch detected for '_ITERATOR_DEBUG_LEVEL': value '2' doesn't match value '0' in FBXLoader.obj
     1>fbxsdk-2013.2-mdd.lib(fbxio.obj) : error LNK2038: mismatch detected for '_ITERATOR_DEBUG_LEVEL': value '2' doesn't match value '0' in FBXLoader.obj
     1>fbxsdk-2013.2-mdd.lib(fbxtakeinfo.obj) : error LNK2038: mismatch detected for '_ITERATOR_DEBUG_LEVEL': value '2' doesn't match value '0' in FBXLoader.obj
     1>fbxsdk-2013.2-mdd.lib(fbxglobaltimesettings.obj) : error LNK2038: mismatch detected for '_ITERATOR_DEBUG_LEVEL': value '2' doesn't match value '0' in FBXLoader.obj
     1>fbxsdk-2013.2-mdd.lib(fbxglobalcamerasettings.obj) : error LNK2038: mismatch detected for '_ITERATOR_DEBUG_LEVEL': value '2' doesn't match value '0' in FBXLoader.obj
     1>fbxsdk-2013.2-mdd.lib(fbxgloballightsettings.obj) : error LNK2038: mismatch detected for '_ITERATOR_DEBUG_LEVEL': value '2' doesn't match value '0' in FBXLoader.obj
     1>fbxsdk-2013.2-mdd.lib(fbxglobalsettings.obj) : error LNK2038: mismatch detected for '_ITERATOR_DEBUG_LEVEL': value '2' doesn't match value '0' in FBXLoader.obj
     1>fbxsdk-2013.2-mdd.lib(fbxshape.obj) : error LNK2038: mismatch detected for '_ITERATOR_DEBUG_LEVEL': value '2' doesn't match value '0' in FBXLoader.obj
     1>fbxsdk-2013.2-mdd.lib(fbxanimevalclassic.obj) : error LNK2038: mismatch detected for '_ITERATOR_DEBUG_LEVEL': value '2' doesn't match value '0' in FBXLoader.obj
     1>fbxsdk-2013.2-mdd.lib(fbxlayer.obj) : error LNK2038: mismatch detected for '_ITERATOR_DEBUG_LEVEL': value '2' doesn't match value '0' in FBXLoader.obj
     1>fbxsdk-2013.2-mdd.lib(fbxlayercontainer.obj) : error LNK2038: mismatch detected for '_ITERATOR_DEBUG_LEVEL': value '2' doesn't match value '0' in FBXLoader.obj
     1>fbxsdk-2013.2-mdd.lib(fbxanimcurvefilterconstkeyredu.obj) : error LNK2038: mismatch detected for '_ITERATOR_DEBUG_LEVEL': value '2' doesn't match value '0' in FBXLoader.obj
     1>fbxsdk-2013.2-mdd.lib(fbxanimcurvefilterscalecompensate.obj) : error LNK2038: mismatch detected for '_ITERATOR_DEBUG_LEVEL': value '2' doesn't match value '0' in FBXLoader.obj
     1>fbxsdk-2013.2-mdd.lib(fbxanimcurvefilterscale.obj) : error LNK2038: mismatch detected for '_ITERATOR_DEBUG_LEVEL': value '2' doesn't match value '0' in FBXLoader.obj
     1>fbxsdk-2013.2-mdd.lib(fbxcontrolset.obj) : error LNK2038: mismatch detected for '_ITERATOR_DEBUG_LEVEL': value '2' doesn't match value '0' in FBXLoader.obj
     1>fbxsdk-2013.2-mdd.lib(fbxcharacterpose.obj) : error LNK2038: mismatch detected for '_ITERATOR_DEBUG_LEVEL': value '2' doesn't match value '0' in FBXLoader.obj
     1>fbxsdk-2013.2-mdd.lib(fbxgeometryconverter.obj) : error LNK2038: mismatch detected for '_ITERATOR_DEBUG_LEVEL': value '2' doesn't match value '0' in FBXLoader.obj
     1>fbxsdk-2013.2-mdd.lib(fbxcharptrset.obj) : error LNK2038: mismatch detected for '_ITERATOR_DEBUG_LEVEL': value '2' doesn't match value '0' in FBXLoader.obj
     1>fbxsdk-2013.2-mdd.lib(fbxcollection.obj) : error LNK2038: mismatch detected for '_ITERATOR_DEBUG_LEVEL': value '2' doesn't match value '0' in FBXLoader.obj
     1>fbxsdk-2013.2-mdd.lib(fbxtexture.obj) : error LNK2038: mismatch detected for '_ITERATOR_DEBUG_LEVEL': value '2' doesn't match value '0' in FBXLoader.obj
     1>fbxsdk-2013.2-mdd.lib(fbxvideo.obj) : error LNK2038: mismatch detected for '_ITERATOR_DEBUG_LEVEL': value '2' doesn't match value '0' in FBXLoader.obj
     1>fbxsdk-2013.2-mdd.lib(fbxgenericnode.obj) : error LNK2038: mismatch detected for '_ITERATOR_DEBUG_LEVEL': value '2' doesn't match value '0' in FBXLoader.obj
     1>fbxsdk-2013.2-mdd.lib(fbxset.obj) : error LNK2038: mismatch detected for '_ITERATOR_DEBUG_LEVEL': value '2' doesn't match value '0' in FBXLoader.obj
     1>fbxsdk-2013.2-mdd.lib(fbxevents.obj) : error LNK2038: mismatch detected for '_ITERATOR_DEBUG_LEVEL': value '2' doesn't match value '0' in FBXLoader.obj
     1>fbxsdk-2013.2-mdd.lib(fbximplementation.obj) : error LNK2038: mismatch detected for '_ITERATOR_DEBUG_LEVEL': value '2' doesn't match value '0' in FBXLoader.obj
     1>fbxsdk-2013.2-mdd.lib(fbxlibrary.obj) : error LNK2038: mismatch detected for '_ITERATOR_DEBUG_LEVEL': value '2' doesn't match value '0' in FBXLoader.obj
     1>fbxsdk-2013.2-mdd.lib(fbxquaternion.obj) : error LNK2038: mismatch detected for '_ITERATOR_DEBUG_LEVEL': value '2' doesn't match value '0' in FBXLoader.obj
     1>fbxsdk-2013.2-mdd.lib(fbxperipheral.obj) : error LNK2038: mismatch detected for '_ITERATOR_DEBUG_LEVEL': value '2' doesn't match value '0' in FBXLoader.obj
     1>fbxsdk-2013.2-mdd.lib(fbxsymbol.obj) : error LNK2038: mismatch detected for '_ITERATOR_DEBUG_LEVEL': value '2' doesn't match value '0' in FBXLoader.obj
     1>fbxsdk-2013.2-mdd.lib(kfcurve.obj) : error LNK2038: mismatch detected for '_ITERATOR_DEBUG_LEVEL': value '2' doesn't match value '0' in FBXLoader.obj
     1>fbxsdk-2013.2-mdd.lib(fbxusernotification.obj) : error LNK2038: mismatch detected for '_ITERATOR_DEBUG_LEVEL': value '2' doesn't match value '0' in FBXLoader.obj
     1>fbxsdk-2013.2-mdd.lib(fbxlocale.obj) : error LNK2038: mismatch detected for '_ITERATOR_DEBUG_LEVEL': value '2' doesn't match value '0' in FBXLoader.obj
     1>fbxsdk-2013.2-mdd.lib(fbxproceduraltexture.obj) : error LNK2038: mismatch detected for '_ITERATOR_DEBUG_LEVEL': value '2' doesn't match value '0' in FBXLoader.obj
     1>fbxsdk-2013.2-mdd.lib(fbxlayeredtexture.obj) : error LNK2038: mismatch detected for '_ITERATOR_DEBUG_LEVEL': value '2' doesn't match value '0' in FBXLoader.obj
     1>fbxsdk-2013.2-mdd.lib(fbxfiletexture.obj) : error LNK2038: mismatch detected for '_ITERATOR_DEBUG_LEVEL': value '2' doesn't match value '0' in FBXLoader.obj
     1>fbxsdk-2013.2-mdd.lib(fbxbindingoperator.obj) : error LNK2038: mismatch detected for '_ITERATOR_DEBUG_LEVEL': value '2' doesn't match value '0' in FBXLoader.obj
     1>fbxsdk-2013.2-mdd.lib(fbxbindingtable.obj) : error LNK2038: mismatch detected for '_ITERATOR_DEBUG_LEVEL': value '2' doesn't match value '0' in FBXLoader.obj
     1>fbxsdk-2013.2-mdd.lib(fbxgeometrybase.obj) : error LNK2038: mismatch detected for '_ITERATOR_DEBUG_LEVEL': value '2' doesn't match value '0' in FBXLoader.obj
     1>fbxsdk-2013.2-mdd.lib(fbxconstraint.obj) : error LNK2038: mismatch detected for '_ITERATOR_DEBUG_LEVEL': value '2' doesn't match value '0' in FBXLoader.obj
     1>fbxsdk-2013.2-mdd.lib(fbxsubdeformer.obj) : error LNK2038: mismatch detected for '_ITERATOR_DEBUG_LEVEL': value '2' doesn't match value '0' in FBXLoader.obj
     1>fbxsdk-2013.2-mdd.lib(fbxdeformer.obj) : error LNK2038: mismatch detected for '_ITERATOR_DEBUG_LEVEL': value '2' doesn't match value '0' in FBXLoader.obj
     1>fbxsdk-2013.2-mdd.lib(fbxlog.obj) : error LNK2038: mismatch detected for '_ITERATOR_DEBUG_LEVEL': value '2' doesn't match value '0' in FBXLoader.obj
     1>fbxsdk-2013.2-mdd.lib(fbxanimcurve.obj) : error LNK2038: mismatch detected for '_ITERATOR_DEBUG_LEVEL': value '2' doesn't match value '0' in FBXLoader.obj
     1>fbxsdk-2013.2-mdd.lib(fbxanimcurvekfcurve.obj) : error LNK2038: mismatch detected for '_ITERATOR_DEBUG_LEVEL': value '2' doesn't match value '0' in FBXLoader.obj
     1>fbxsdk-2013.2-mdd.lib(fbxdisplaylayer.obj) : error LNK2038: mismatch detected for '_ITERATOR_DEBUG_LEVEL': value '2' doesn't match value '0' in FBXLoader.obj
     1>fbxsdk-2013.2-mdd.lib(fbxselectionnode.obj) : error LNK2038: mismatch detected for '_ITERATOR_DEBUG_LEVEL': value '2' doesn't match value '0' in FBXLoader.obj
     1>fbxsdk-2013.2-mdd.lib(fbxselectionset.obj) : error LNK2038: mismatch detected for '_ITERATOR_DEBUG_LEVEL': value '2' doesn't match value '0' in FBXLoader.obj
     1>fbxsdk-2013.2-mdd.lib(fbxreference.obj) : error LNK2038: mismatch detected for '_ITERATOR_DEBUG_LEVEL': value '2' doesn't match value '0' in FBXLoader.obj
     1>fbxsdk-2013.2-mdd.lib(fbxcontainer.obj) : error LNK2038: mismatch detected for '_ITERATOR_DEBUG_LEVEL': value '2' doesn't match value '0' in FBXLoader.obj
     1>fbxsdk-2013.2-mdd.lib(fbxcollectionexclusive.obj) : error LNK2038: mismatch detected for '_ITERATOR_DEBUG_LEVEL': value '2' doesn't match value '0' in FBXLoader.obj
     1>fbxsdk-2013.2-mdd.lib(fbxobjectmetadata.obj) : error LNK2038: mismatch detected for '_ITERATOR_DEBUG_LEVEL': value '2' doesn't match value '0' in FBXLoader.obj
     1>fbxsdk-2013.2-mdd.lib(fbxenvironment.obj) : error LNK2038: mismatch detected for '_ITERATOR_DEBUG_LEVEL': value '2' doesn't match value '0' in FBXLoader.obj
     1>fbxsdk-2013.2-mdd.lib(fbxcache.obj) : error LNK2038: mismatch detected for '_ITERATOR_DEBUG_LEVEL': value '2' doesn't match value '0' in FBXLoader.obj
     1>fbxsdk-2013.2-mdd.lib(fbxgeometryweightedmap.obj) : error LNK2038: mismatch detected for '_ITERATOR_DEBUG_LEVEL': value '2' doesn't match value '0' in FBXLoader.obj
     1>fbxsdk-2013.2-mdd.lib(fbxthumbnail.obj) : error LNK2038: mismatch detected for '_ITERATOR_DEBUG_LEVEL': value '2' doesn't match value '0' in FBXLoader.obj
     1>fbxsdk-2013.2-mdd.lib(fbxloadingstrategy.obj) : error LNK2038: mismatch detected for '_ITERATOR_DEBUG_LEVEL': value '2' doesn't match value '0' in FBXLoader.obj
     1>fbxsdk-2013.2-mdd.lib(fbxplugincontainer.obj) : error LNK2038: mismatch detected for '_ITERATOR_DEBUG_LEVEL': value '2' doesn't match value '0' in FBXLoader.obj
     1>fbxsdk-2013.2-mdd.lib(fbxplugin.obj) : error LNK2038: mismatch detected for '_ITERATOR_DEBUG_LEVEL': value '2' doesn't match value '0' in FBXLoader.obj
     1>fbxsdk-2013.2-mdd.lib(fbxxref.obj) : error LNK2038: mismatch detected for '_ITERATOR_DEBUG_LEVEL': value '2' doesn't match value '0' in FBXLoader.obj
     1>fbxsdk-2013.2-mdd.lib(fbxcontainertemplate.obj) : error LNK2038: mismatch detected for '_ITERATOR_DEBUG_LEVEL': value '2' doesn't match value '0' in FBXLoader.obj
     1>fbxsdk-2013.2-mdd.lib(fbxanimcurvebase.obj) : error LNK2038: mismatch detected for '_ITERATOR_DEBUG_LEVEL': value '2' doesn't match value '0' in FBXLoader.obj
     1>fbxsdk-2013.2-mdd.lib(fbxexporter.obj) : error LNK2038: mismatch detected for '_ITERATOR_DEBUG_LEVEL': value '2' doesn't match value '0' in FBXLoader.obj
     1>fbxsdk-2013.2-mdd.lib(fbxblendshape.obj) : error LNK2038: mismatch detected for '_ITERATOR_DEBUG_LEVEL': value '2' doesn't match value '0' in FBXLoader.obj
     1>fbxsdk-2013.2-mdd.lib(fbxvertexcachedeformer.obj) : error LNK2038: mismatch detected for '_ITERATOR_DEBUG_LEVEL': value '2' doesn't match value '0' in FBXLoader.obj
     1>fbxsdk-2013.2-mdd.lib(fbxblendshapechannel.obj) : error LNK2038: mismatch detected for '_ITERATOR_DEBUG_LEVEL': value '2' doesn't match value '0' in FBXLoader.obj
     1>fbxsdk-2013.2-mdd.lib(fbxconstraintaim.obj) : error LNK2038: mismatch detected for '_ITERATOR_DEBUG_LEVEL': value '2' doesn't match value '0' in FBXLoader.obj
     1>fbxsdk-2013.2-mdd.lib(fbxconstraintparent.obj) : error LNK2038: mismatch detected for '_ITERATOR_DEBUG_LEVEL': value '2' doesn't match value '0' in FBXLoader.obj
     1>fbxsdk-2013.2-mdd.lib(fbxconstraintposition.obj) : error LNK2038: mismatch detected for '_ITERATOR_DEBUG_LEVEL': value '2' doesn't match value '0' in FBXLoader.obj
     1>fbxsdk-2013.2-mdd.lib(fbxconstraintrotation.obj) : error LNK2038: mismatch detected for '_ITERATOR_DEBUG_LEVEL': value '2' doesn't match value '0' in FBXLoader.obj
     1>fbxsdk-2013.2-mdd.lib(fbxconstraintscale.obj) : error LNK2038: mismatch detected for '_ITERATOR_DEBUG_LEVEL': value '2' doesn't match value '0' in FBXLoader.obj
     1>fbxsdk-2013.2-mdd.lib(fbxconstraintsinglechainik.obj) : error LNK2038: mismatch detected for '_ITERATOR_DEBUG_LEVEL': value '2' doesn't match value '0' in FBXLoader.obj
     1>fbxsdk-2013.2-mdd.lib(fbxconstraintcustom.obj) : error LNK2038: mismatch detected for '_ITERATOR_DEBUG_LEVEL': value '2' doesn't match value '0' in FBXLoader.obj
     1>fbxsdk-2013.2-mdd.lib(fbxproceduralgeometry.obj) : error LNK2038: mismatch detected for '_ITERATOR_DEBUG_LEVEL': value '2' doesn't match value '0' in FBXLoader.obj
     1>fbxsdk-2013.2-mdd.lib(fbxbindingtablebase.obj) : error LNK2038: mismatch detected for '_ITERATOR_DEBUG_LEVEL': value '2' doesn't match value '0' in FBXLoader.obj
     1>fbxsdk-2013.2-mdd.lib(fbxsurfacelambert.obj) : error LNK2038: mismatch detected for '_ITERATOR_DEBUG_LEVEL': value '2' doesn't match value '0' in FBXLoader.obj
     1>fbxsdk-2013.2-mdd.lib(fbxsurfacephong.obj) : error LNK2038: mismatch detected for '_ITERATOR_DEBUG_LEVEL': value '2' doesn't match value '0' in FBXLoader.obj
     1>fbxsdk-2013.2-mdd.lib(fbxmanipulators.obj) : error LNK2038: mismatch detected for '_ITERATOR_DEBUG_LEVEL': value '2' doesn't match value '0' in FBXLoader.obj
     1>fbxsdk-2013.2-mdd.lib(fbxprocessor.obj) : error LNK2038: mismatch detected for '_ITERATOR_DEBUG_LEVEL': value '2' doesn't match value '0' in FBXLoader.obj
     1>fbxsdk-2013.2-mdd.lib(fbxprocessorxref.obj) : error LNK2038: mismatch detected for '_ITERATOR_DEBUG_LEVEL': value '2' doesn't match value '0' in FBXLoader.obj
     1>fbxsdk-2013.2-mdd.lib(fbxprocessorxrefuserlib.obj) : error LNK2038: mismatch detected for '_ITERATOR_DEBUG_LEVEL': value '2' doesn't match value '0' in FBXLoader.obj
     1>fbxsdk-2013.2-mdd.lib(fbxprocessorshaderdependency.obj) : error LNK2038: mismatch detected for '_ITERATOR_DEBUG_LEVEL': value '2' doesn't match value '0' in FBXLoader.obj
     1>fbxsdk-2013.2-mdd.lib(fbxscopedloadingdirectory.obj) : error LNK2038: mismatch detected for '_ITERATOR_DEBUG_LEVEL': value '2' doesn't match value '0' in FBXLoader.obj
     1>fbxsdk-2013.2-mdd.lib(fbxscopedloadingfilename.obj) : error LNK2038: mismatch detected for '_ITERATOR_DEBUG_LEVEL': value '2' doesn't match value '0' in FBXLoader.obj
     1>fbxsdk-2013.2-mdd.lib(fbxmessage.obj) : error LNK2038: mismatch detected for '_ITERATOR_DEBUG_LEVEL': value '2' doesn't match value '0' in FBXLoader.obj
     1>fbxsdk-2013.2-mdd.lib(fbxinternalfileio.obj) : error LNK2038: mismatch detected for '_ITERATOR_DEBUG_LEVEL': value '2' doesn't match value '0' in FBXLoader.obj
     1>fbxsdk-2013.2-mdd.lib(fbxmodule.obj) : error LNK2038: mismatch detected for '_ITERATOR_DEBUG_LEVEL': value '2' doesn't match value '0' in FBXLoader.obj
     1>fbxsdk-2013.2-mdd.lib(fbxpropertytypes.obj) : error LNK2038: mismatch detected for '_ITERATOR_DEBUG_LEVEL': value '2' doesn't match value '0' in FBXLoader.obj
     1>fbxsdk-2013.2-mdd.lib(fbxvector2.obj) : error LNK2038: mismatch detected for '_ITERATOR_DEBUG_LEVEL': value '2' doesn't match value '0' in FBXLoader.obj
     1>fbxsdk-2013.2-mdd.lib(fbxrenamingstrategy.obj) : error LNK2038: mismatch detected for '_ITERATOR_DEBUG_LEVEL': value '2' doesn't match value '0' in FBXLoader.obj
     1>fbxsdk-2013.2-mdd.lib(fbxmath.obj) : error LNK2038: mismatch detected for '_ITERATOR_DEBUG_LEVEL': value '2' doesn't match value '0' in FBXLoader.obj
     1>fbxsdk-2013.2-mdd.lib(fbxanimcurvefilterresample.obj) : error LNK2038: mismatch detected for '_ITERATOR_DEBUG_LEVEL': value '2' doesn't match value '0' in FBXLoader.obj
     1>fbxsdk-2013.2-mdd.lib(kfcurvenode.obj) : error LNK2038: mismatch detected for '_ITERATOR_DEBUG_LEVEL': value '2' doesn't match value '0' in FBXLoader.obj
     1>fbxsdk-2013.2-mdd.lib(kdatatypes.obj) : error LNK2038: mismatch detected for '_ITERATOR_DEBUG_LEVEL': value '2' doesn't match value '0' in FBXLoader.obj
     1>fbxsdk-2013.2-mdd.lib(fbxtimecode.obj) : error LNK2038: mismatch detected for '_ITERATOR_DEBUG_LEVEL': value '2' doesn't match value '0' in FBXLoader.obj
     1>fbxsdk-2013.2-mdd.lib(fbxanimevalstate.obj) : error LNK2038: mismatch detected for '_ITERATOR_DEBUG_LEVEL': value '2' doesn't match value '0' in FBXLoader.obj
     1>fbxsdk-2013.2-mdd.lib(fbxanimcurvefilterkeysync.obj) : error LNK2038: mismatch detected for '_ITERATOR_DEBUG_LEVEL': value '2' doesn't match value '0' in FBXLoader.obj
     1>fbxsdk-2013.2-mdd.lib(kfcurveglobal.obj) : error LNK2038: mismatch detected for '_ITERATOR_DEBUG_LEVEL': value '2' doesn't match value '0' in FBXLoader.obj
     1>fbxsdk-2013.2-mdd.lib(fbxconnectionpoint.obj) : error LNK2038: mismatch detected for '_ITERATOR_DEBUG_LEVEL': value '2' doesn't match value '0' in FBXLoader.obj
     1>fbxsdk-2013.2-mdd.lib(fbxpropertypage.obj) : error LNK2038: mismatch detected for '_ITERATOR_DEBUG_LEVEL': value '2' doesn't match value '0' in FBXLoader.obj
     1>fbxsdk-2013.2-mdd.lib(fbxnurbscurveevaluator.obj) : error LNK2038: mismatch detected for '_ITERATOR_DEBUG_LEVEL': value '2' doesn't match value '0' in FBXLoader.obj
     1>fbxsdk-2013.2-mdd.lib(error.obj) : error LNK2038: mismatch detected for '_ITERATOR_DEBUG_LEVEL': value '2' doesn't match value '0' in FBXLoader.obj
     1>fbxsdk-2013.2-mdd.lib(chvalid.obj) : error LNK2038: mismatch detected for '_ITERATOR_DEBUG_LEVEL': value '2' doesn't match value '0' in FBXLoader.obj
     1>fbxsdk-2013.2-mdd.lib(parserInternals.obj) : error LNK2038: mismatch detected for '_ITERATOR_DEBUG_LEVEL': value '2' doesn't match value '0' in FBXLoader.obj
     1>fbxsdk-2013.2-mdd.lib(entities.obj) : error LNK2038: mismatch detected for '_ITERATOR_DEBUG_LEVEL': value '2' doesn't match value '0' in FBXLoader.obj
     1>fbxsdk-2013.2-mdd.lib(valid.obj) : error LNK2038: mismatch detected for '_ITERATOR_DEBUG_LEVEL': value '2' doesn't match value '0' in FBXLoader.obj
     1>fbxsdk-2013.2-mdd.lib(dict.obj) : error LNK2038: mismatch detected for '_ITERATOR_DEBUG_LEVEL': value '2' doesn't match value '0' in FBXLoader.obj
     1>fbxsdk-2013.2-mdd.lib(hash.obj) : error LNK2038: mismatch detected for '_ITERATOR_DEBUG_LEVEL': value '2' doesn't match value '0' in FBXLoader.obj
     1>fbxsdk-2013.2-mdd.lib(uri.obj) : error LNK2038: mismatch detected for '_ITERATOR_DEBUG_LEVEL': value '2' doesn't match value '0' in FBXLoader.obj
     1>fbxsdk-2013.2-mdd.lib(encoding.obj) : error LNK2038: mismatch detected for '_ITERATOR_DEBUG_LEVEL': value '2' doesn't match value '0' in FBXLoader.obj
     1>fbxsdk-2013.2-mdd.lib(SAX2.obj) : error LNK2038: mismatch detected for '_ITERATOR_DEBUG_LEVEL': value '2' doesn't match value '0' in FBXLoader.obj
     1>fbxsdk-2013.2-mdd.lib(xmlIO.obj) : error LNK2038: mismatch detected for '_ITERATOR_DEBUG_LEVEL': value '2' doesn't match value '0' in FBXLoader.obj
     1>fbxsdk-2013.2-mdd.lib(xpath.obj) : error LNK2038: mismatch detected for '_ITERATOR_DEBUG_LEVEL': value '2' doesn't match value '0' in FBXLoader.obj
     1>fbxsdk-2013.2-mdd.lib(xmlmemory.obj) : error LNK2038: mismatch detected for '_ITERATOR_DEBUG_LEVEL': value '2' doesn't match value '0' in FBXLoader.obj
     1>fbxsdk-2013.2-mdd.lib(threads.obj) : error LNK2038: mismatch detected for '_ITERATOR_DEBUG_LEVEL': value '2' doesn't match value '0' in FBXLoader.obj
     1>fbxsdk-2013.2-mdd.lib(relaxng.obj) : error LNK2038: mismatch detected for '_ITERATOR_DEBUG_LEVEL': value '2' doesn't match value '0' in FBXLoader.obj
     1>fbxsdk-2013.2-mdd.lib(xmlschemastypes.obj) : error LNK2038: mismatch detected for '_ITERATOR_DEBUG_LEVEL': value '2' doesn't match value '0' in FBXLoader.obj
     1>fbxsdk-2013.2-mdd.lib(fbxobjectscontainer.obj) : error LNK2038: mismatch detected for '_ITERATOR_DEBUG_LEVEL': value '2' doesn't match value '0' in FBXLoader.obj
     1>fbxsdk-2013.2-mdd.lib(fbxlimitsutilities.obj) : error LNK2038: mismatch detected for '_ITERATOR_DEBUG_LEVEL': value '2' doesn't match value '0' in FBXLoader.obj
     1>fbxsdk-2013.2-mdd.lib(fbxrootnodeutility.obj) : error LNK2038: mismatch detected for '_ITERATOR_DEBUG_LEVEL': value '2' doesn't match value '0' in FBXLoader.obj
     1>fbxsdk-2013.2-mdd.lib(fbxsync.obj) : error LNK2038: mismatch detected for '_ITERATOR_DEBUG_LEVEL': value '2' doesn't match value '0' in FBXLoader.obj
     1>fbxsdk-2013.2-mdd.lib(fbxnodefinderduplicatename.obj) : error LNK2038: mismatch detected for '_ITERATOR_DEBUG_LEVEL': value '2' doesn't match value '0' in FBXLoader.obj
     1>fbxsdk-2013.2-mdd.lib(fbxnodefinder.obj) : error LNK2038: mismatch detected for '_ITERATOR_DEBUG_LEVEL': value '2' doesn't match value '0' in FBXLoader.obj
     1>fbxsdk-2013.2-mdd.lib(fbxmaterialconverter.obj) : error LNK2038: mismatch detected for '_ITERATOR_DEBUG_LEVEL': value '2' doesn't match value '0' in FBXLoader.obj
     1>fbxsdk-2013.2-mdd.lib(fbxrenamingstrategyfbx5.obj) : error LNK2038: mismatch detected for '_ITERATOR_DEBUG_LEVEL': value '2' doesn't match value '0' in FBXLoader.obj
     1>fbxsdk-2013.2-mdd.lib(fbxanimutilities.obj) : error LNK2038: mismatch detected for '_ITERATOR_DEBUG_LEVEL': value '2' doesn't match value '0' in FBXLoader.obj
     1>fbxsdk-2013.2-mdd.lib(fbxanimcurvefiltertss.obj) : error LNK2038: mismatch detected for '_ITERATOR_DEBUG_LEVEL': value '2' doesn't match value '0' in FBXLoader.obj
     1>fbxsdk-2013.2-mdd.lib(fbxchainedfile.obj) : error LNK2038: mismatch detected for '_ITERATOR_DEBUG_LEVEL': value '2' doesn't match value '0' in FBXLoader.obj
     1>fbxsdk-2013.2-mdd.lib(fbxfolder.obj) : error LNK2038: mismatch detected for '_ITERATOR_DEBUG_LEVEL': value '2' doesn't match value '0' in FBXLoader.obj
     1>fbxsdk-2013.2-mdd.lib(fbxcrcfile.obj) : error LNK2038: mismatch detected for '_ITERATOR_DEBUG_LEVEL': value '2' doesn't match value '0' in FBXLoader.obj
     1>fbxsdk-2013.2-mdd.lib(adler32.obj) : error LNK2038: mismatch detected for '_ITERATOR_DEBUG_LEVEL': value '2' doesn't match value '0' in FBXLoader.obj
     1>fbxsdk-2013.2-mdd.lib(fbxiofieldlist.obj) : error LNK2038: mismatch detected for '_ITERATOR_DEBUG_LEVEL': value '2' doesn't match value '0' in FBXLoader.obj
     1>fbxsdk-2013.2-mdd.lib(fbxwriter.obj) : error LNK2038: mismatch detected for '_ITERATOR_DEBUG_LEVEL': value '2' doesn't match value '0' in FBXLoader.obj
     1>fbxsdk-2013.2-mdd.lib(fbxiofield.obj) : error LNK2038: mismatch detected for '_ITERATOR_DEBUG_LEVEL': value '2' doesn't match value '0' in FBXLoader.obj
     1>fbxsdk-2013.2-mdd.lib(fbxbase64coder.obj) : error LNK2038: mismatch detected for '_ITERATOR_DEBUG_LEVEL': value '2' doesn't match value '0' in FBXLoader.obj
     1>fbxsdk-2013.2-mdd.lib(fbxiofieldzlib.obj) : error LNK2038: mismatch detected for '_ITERATOR_DEBUG_LEVEL': value '2' doesn't match value '0' in FBXLoader.obj
     1>fbxsdk-2013.2-mdd.lib(fbxencryptedfile.obj) : error LNK2038: mismatch detected for '_ITERATOR_DEBUG_LEVEL': value '2' doesn't match value '0' in FBXLoader.obj
     1>fbxsdk-2013.2-mdd.lib(kfcurveutils.obj) : error LNK2038: mismatch detected for '_ITERATOR_DEBUG_LEVEL': value '2' doesn't match value '0' in FBXLoader.obj
     1>fbxsdk-2013.2-mdd.lib(awTess2dConstrainedTriangulate.obj) : error LNK2038: mismatch detected for '_ITERATOR_DEBUG_LEVEL': value '2' doesn't match value '0' in FBXLoader.obj
     1>fbxsdk-2013.2-mdd.lib(awVectorImpl.obj) : error LNK2038: mismatch detected for '_ITERATOR_DEBUG_LEVEL': value '2' doesn't match value '0' in FBXLoader.obj
     1>fbxsdk-2013.2-mdd.lib(fbxweightedmapping.obj) : error LNK2038: mismatch detected for '_ITERATOR_DEBUG_LEVEL': value '2' doesn't match value '0' in FBXLoader.obj
     1>fbxsdk-2013.2-mdd.lib(fbxsurfaceevaluator.obj) : error LNK2038: mismatch detected for '_ITERATOR_DEBUG_LEVEL': value '2' doesn't match value '0' in FBXLoader.obj
     1>fbxsdk-2013.2-mdd.lib(fbxuniformsurfaceutils.obj) : error LNK2038: mismatch detected for '_ITERATOR_DEBUG_LEVEL': value '2' doesn't match value '0' in FBXLoader.obj
     1>fbxsdk-2013.2-mdd.lib(fbxnurbssurfaceevaluator.obj) : error LNK2038: mismatch detected for '_ITERATOR_DEBUG_LEVEL': value '2' doesn't match value '0' in FBXLoader.obj
     1>fbxsdk-2013.2-mdd.lib(fbxbitset.obj) : error LNK2038: mismatch detected for '_ITERATOR_DEBUG_LEVEL': value '2' doesn't match value '0' in FBXLoader.obj
     1>fbxsdk-2013.2-mdd.lib(fbxdependencieshelper.obj) : error LNK2038: mismatch detected for '_ITERATOR_DEBUG_LEVEL': value '2' doesn't match value '0' in FBXLoader.obj
     1>fbxsdk-2013.2-mdd.lib(fbxclonemanager.obj) : error LNK2038: mismatch detected for '_ITERATOR_DEBUG_LEVEL': value '2' doesn't match value '0' in FBXLoader.obj
     1>fbxsdk-2013.2-mdd.lib(fbximplementationfilter.obj) : error LNK2038: mismatch detected for '_ITERATOR_DEBUG_LEVEL': value '2' doesn't match value '0' in FBXLoader.obj
     1>fbxsdk-2013.2-mdd.lib(fbxstream.obj) : error LNK2038: mismatch detected for '_ITERATOR_DEBUG_LEVEL': value '2' doesn't match value '0' in FBXLoader.obj
     1>fbxsdk-2013.2-mdd.lib(fbxmemorypool.obj) : error LNK2038: mismatch detected for '_ITERATOR_DEBUG_LEVEL': value '2' doesn't match value '0' in FBXLoader.obj
     1>fbxsdk-2013.2-mdd.lib(xmlHelper.obj) : error LNK2038: mismatch detected for '_ITERATOR_DEBUG_LEVEL': value '2' doesn't match value '0' in FBXLoader.obj
     1>fbxsdk-2013.2-mdd.lib(fbxbindingsentryview.obj) : error LNK2038: mismatch detected for '_ITERATOR_DEBUG_LEVEL': value '2' doesn't match value '0' in FBXLoader.obj
     1>fbxsdk-2013.2-mdd.lib(fbxconstantentryview.obj) : error LNK2038: mismatch detected for '_ITERATOR_DEBUG_LEVEL': value '2' doesn't match value '0' in FBXLoader.obj
     1>fbxsdk-2013.2-mdd.lib(fbxoperatorentryview.obj) : error LNK2038: mismatch detected for '_ITERATOR_DEBUG_LEVEL': value '2' doesn't match value '0' in FBXLoader.obj
     1>fbxsdk-2013.2-mdd.lib(fbxbindingtableentry.obj) : error LNK2038: mismatch detected for '_ITERATOR_DEBUG_LEVEL': value '2' doesn't match value '0' in FBXLoader.obj
     1>fbxsdk-2013.2-mdd.lib(fbxpropertyentryview.obj) : error LNK2038: mismatch detected for '_ITERATOR_DEBUG_LEVEL': value '2' doesn't match value '0' in FBXLoader.obj
     1>fbxsdk-2013.2-mdd.lib(awCacheFileInterface.obj) : error LNK2038: mismatch detected for '_ITERATOR_DEBUG_LEVEL': value '2' doesn't match value '0' in FBXLoader.obj
     1>fbxsdk-2013.2-mdd.lib(awPointCache2IO.obj) : error LNK2038: mismatch detected for '_ITERATOR_DEBUG_LEVEL': value '2' doesn't match value '0' in FBXLoader.obj
     1>fbxsdk-2013.2-mdd.lib(fbxlistener.obj) : error LNK2038: mismatch detected for '_ITERATOR_DEBUG_LEVEL': value '2' doesn't match value '0' in FBXLoader.obj
     1>fbxsdk-2013.2-mdd.lib(fbxwriterfbx5.obj) : error LNK2038: mismatch detected for '_ITERATOR_DEBUG_LEVEL': value '2' doesn't match value '0' in FBXLoader.obj
     1>fbxsdk-2013.2-mdd.lib(fbxwriterfbx6.obj) : error LNK2038: mismatch detected for '_ITERATOR_DEBUG_LEVEL': value '2' doesn't match value '0' in FBXLoader.obj
     1>fbxsdk-2013.2-mdd.lib(fbxreaderfbx6.obj) : error LNK2038: mismatch detected for '_ITERATOR_DEBUG_LEVEL': value '2' doesn't match value '0' in FBXLoader.obj
     1>fbxsdk-2013.2-mdd.lib(fbxreaderfbx7.obj) : error LNK2038: mismatch detected for '_ITERATOR_DEBUG_LEVEL': value '2' doesn't match value '0' in FBXLoader.obj
     1>fbxsdk-2013.2-mdd.lib(fbxwriterfbx7.obj) : error LNK2038: mismatch detected for '_ITERATOR_DEBUG_LEVEL': value '2' doesn't match value '0' in FBXLoader.obj
     1>fbxsdk-2013.2-mdd.lib(fbxreadercollada14.obj) : error LNK2038: mismatch detected for '_ITERATOR_DEBUG_LEVEL': value '2' doesn't match value '0' in FBXLoader.obj
     1>fbxsdk-2013.2-mdd.lib(fbxwritercollada14.obj) : error LNK2038: mismatch detected for '_ITERATOR_DEBUG_LEVEL': value '2' doesn't match value '0' in FBXLoader.obj
     1>fbxsdk-2013.2-mdd.lib(fbxreader3ds.obj) : error LNK2038: mismatch detected for '_ITERATOR_DEBUG_LEVEL': value '2' doesn't match value '0' in FBXLoader.obj
     1>fbxsdk-2013.2-mdd.lib(fbxwriter3ds.obj) : error LNK2038: mismatch detected for '_ITERATOR_DEBUG_LEVEL': value '2' doesn't match value '0' in FBXLoader.obj
     1>fbxsdk-2013.2-mdd.lib(fbxreaderobj.obj) : error LNK2038: mismatch detected for '_ITERATOR_DEBUG_LEVEL': value '2' doesn't match value '0' in FBXLoader.obj
     1>fbxsdk-2013.2-mdd.lib(fbxwriterobj.obj) : error LNK2038: mismatch detected for '_ITERATOR_DEBUG_LEVEL': value '2' doesn't match value '0' in FBXLoader.obj
     1>fbxsdk-2013.2-mdd.lib(fbxreaderdxf.obj) : error LNK2038: mismatch detected for '_ITERATOR_DEBUG_LEVEL': value '2' doesn't match value '0' in FBXLoader.obj
     1>fbxsdk-2013.2-mdd.lib(fbxwriterdxf.obj) : error LNK2038: mismatch detected for '_ITERATOR_DEBUG_LEVEL': value '2' doesn't match value '0' in FBXLoader.obj
     1>fbxsdk-2013.2-mdd.lib(fbxreaderbiovision.obj) : error LNK2038: mismatch detected for '_ITERATOR_DEBUG_LEVEL': value '2' doesn't match value '0' in FBXLoader.obj
     1>fbxsdk-2013.2-mdd.lib(fbxwriterbiovision.obj) : error LNK2038: mismatch detected for '_ITERATOR_DEBUG_LEVEL': value '2' doesn't match value '0' in FBXLoader.obj
     1>fbxsdk-2013.2-mdd.lib(fbxreadermotionanalysishtr.obj) : error LNK2038: mismatch detected for '_ITERATOR_DEBUG_LEVEL': value '2' doesn't match value '0' in FBXLoader.obj
     1>fbxsdk-2013.2-mdd.lib(fbxwritermotionanalysishtr.obj) : error LNK2038: mismatch detected for '_ITERATOR_DEBUG_LEVEL': value '2' doesn't match value '0' in FBXLoader.obj
     1>fbxsdk-2013.2-mdd.lib(fbxreadermotionanalysistrc.obj) : error LNK2038: mismatch detected for '_ITERATOR_DEBUG_LEVEL': value '2' doesn't match value '0' in FBXLoader.obj
     1>fbxsdk-2013.2-mdd.lib(fbxwritermotionanalysistrc.obj) : error LNK2038: mismatch detected for '_ITERATOR_DEBUG_LEVEL': value '2' doesn't match value '0' in FBXLoader.obj
     1>fbxsdk-2013.2-mdd.lib(fbxreaderacclaimasf.obj) : error LNK2038: mismatch detected for '_ITERATOR_DEBUG_LEVEL': value '2' doesn't match value '0' in FBXLoader.obj
     1>fbxsdk-2013.2-mdd.lib(fbxwriteracclaimasf.obj) : error LNK2038: mismatch detected for '_ITERATOR_DEBUG_LEVEL': value '2' doesn't match value '0' in FBXLoader.obj
     1>fbxsdk-2013.2-mdd.lib(fbxreaderacclaimamc.obj) : error LNK2038: mismatch detected for '_ITERATOR_DEBUG_LEVEL': value '2' doesn't match value '0' in FBXLoader.obj
     1>fbxsdk-2013.2-mdd.lib(fbxwriteracclaimamc.obj) : error LNK2038: mismatch detected for '_ITERATOR_DEBUG_LEVEL': value '2' doesn't match value '0' in FBXLoader.obj
     1>fbxsdk-2013.2-mdd.lib(fbxreadervicon.obj) : error LNK2038: mismatch detected for '_ITERATOR_DEBUG_LEVEL': value '2' doesn't match value '0' in FBXLoader.obj
     1>fbxsdk-2013.2-mdd.lib(fbxwritervicon.obj) : error LNK2038: mismatch detected for '_ITERATOR_DEBUG_LEVEL': value '2' doesn't match value '0' in FBXLoader.obj
     1>fbxsdk-2013.2-mdd.lib(fbxreaderadaptiveoptics.obj) : error LNK2038: mismatch detected for '_ITERATOR_DEBUG_LEVEL': value '2' doesn't match value '0' in FBXLoader.obj
     1>fbxsdk-2013.2-mdd.lib(fbxwriteradaptiveoptics.obj) : error LNK2038: mismatch detected for '_ITERATOR_DEBUG_LEVEL': value '2' doesn't match value '0' in FBXLoader.obj
     1>fbxsdk-2013.2-mdd.lib(kfcurvefiltergimblekiller.obj) : error LNK2038: mismatch detected for '_ITERATOR_DEBUG_LEVEL': value '2' doesn't match value '0' in FBXLoader.obj
     1>fbxsdk-2013.2-mdd.lib(kfcurvefilterunroll.obj) : error LNK2038: mismatch detected for '_ITERATOR_DEBUG_LEVEL': value '2' doesn't match value '0' in FBXLoader.obj
     1>fbxsdk-2013.2-mdd.lib(kfcurvefilter.obj) : error LNK2038: mismatch detected for '_ITERATOR_DEBUG_LEVEL': value '2' doesn't match value '0' in FBXLoader.obj
     1>fbxsdk-2013.2-mdd.lib(kfcurvefilterconstkeyredu.obj) : error LNK2038: mismatch detected for '_ITERATOR_DEBUG_LEVEL': value '2' doesn't match value '0' in FBXLoader.obj
     1>fbxsdk-2013.2-mdd.lib(xmlregexp.obj) : error LNK2038: mismatch detected for '_ITERATOR_DEBUG_LEVEL': value '2' doesn't match value '0' in FBXLoader.obj
     1>fbxsdk-2013.2-mdd.lib(list.obj) : error LNK2038: mismatch detected for '_ITERATOR_DEBUG_LEVEL': value '2' doesn't match value '0' in FBXLoader.obj
     1>fbxsdk-2013.2-mdd.lib(pattern.obj) : error LNK2038: mismatch detected for '_ITERATOR_DEBUG_LEVEL': value '2' doesn't match value '0' in FBXLoader.obj
     1>fbxsdk-2013.2-mdd.lib(xpointer.obj) : error LNK2038: mismatch detected for '_ITERATOR_DEBUG_LEVEL': value '2' doesn't match value '0' in FBXLoader.obj
     1>fbxsdk-2013.2-mdd.lib(xmlschemas.obj) : error LNK2038: mismatch detected for '_ITERATOR_DEBUG_LEVEL': value '2' doesn't match value '0' in FBXLoader.obj
     1>fbxsdk-2013.2-mdd.lib(fbxclock.obj) : error LNK2038: mismatch detected for '_ITERATOR_DEBUG_LEVEL': value '2' doesn't match value '0' in FBXLoader.obj
     1>fbxsdk-2013.2-mdd.lib(fbxatomic.obj) : error LNK2038: mismatch detected for '_ITERATOR_DEBUG_LEVEL': value '2' doesn't match value '0' in FBXLoader.obj
     1>fbxsdk-2013.2-mdd.lib(fbxrenamingstrategybase.obj) : error LNK2038: mismatch detected for '_ITERATOR_DEBUG_LEVEL': value '2' doesn't match value '0' in FBXLoader.obj
     1>fbxsdk-2013.2-mdd.lib(fbxrenamingstrategyutilities.obj) : error LNK2038: mismatch detected for '_ITERATOR_DEBUG_LEVEL': value '2' doesn't match value '0' in FBXLoader.obj
     1>fbxsdk-2013.2-mdd.lib(fbxmemoryfile.obj) : error LNK2038: mismatch detected for '_ITERATOR_DEBUG_LEVEL': value '2' doesn't match value '0' in FBXLoader.obj
     1>fbxsdk-2013.2-mdd.lib(fbxcachedfile.obj) : error LNK2038: mismatch detected for '_ITERATOR_DEBUG_LEVEL': value '2' doesn't match value '0' in FBXLoader.obj
     1>fbxsdk-2013.2-mdd.lib(deflate.obj) : error LNK2038: mismatch detected for '_ITERATOR_DEBUG_LEVEL': value '2' doesn't match value '0' in FBXLoader.obj
     1>fbxsdk-2013.2-mdd.lib(inflate.obj) : error LNK2038: mismatch detected for '_ITERATOR_DEBUG_LEVEL': value '2' doesn't match value '0' in FBXLoader.obj
     1>fbxsdk-2013.2-mdd.lib(awGeomTopoMesh.obj) : error LNK2038: mismatch detected for '_ITERATOR_DEBUG_LEVEL': value '2' doesn't match value '0' in FBXLoader.obj
     1>fbxsdk-2013.2-mdd.lib(awLinearPoint2.obj) : error LNK2038: mismatch detected for '_ITERATOR_DEBUG_LEVEL': value '2' doesn't match value '0' in FBXLoader.obj
     1>fbxsdk-2013.2-mdd.lib(awGeomTopoMeshIterators.obj) : error LNK2038: mismatch detected for '_ITERATOR_DEBUG_LEVEL': value '2' doesn't match value '0' in FBXLoader.obj
     1>fbxsdk-2013.2-mdd.lib(awRBTreeImpl.obj) : error LNK2038: mismatch detected for '_ITERATOR_DEBUG_LEVEL': value '2' doesn't match value '0' in FBXLoader.obj
     1>fbxsdk-2013.2-mdd.lib(awLinear.obj) : error LNK2038: mismatch detected for '_ITERATOR_DEBUG_LEVEL': value '2' doesn't match value '0' in FBXLoader.obj
     1>fbxsdk-2013.2-mdd.lib(awLinearLine.obj) : error LNK2038: mismatch detected for '_ITERATOR_DEBUG_LEVEL': value '2' doesn't match value '0' in FBXLoader.obj
     1>fbxsdk-2013.2-mdd.lib(awLinearPoint.obj) : error LNK2038: mismatch detected for '_ITERATOR_DEBUG_LEVEL': value '2' doesn't match value '0' in FBXLoader.obj
     1>fbxsdk-2013.2-mdd.lib(awLinearVector2.obj) : error LNK2038: mismatch detected for '_ITERATOR_DEBUG_LEVEL': value '2' doesn't match value '0' in FBXLoader.obj
     1>fbxsdk-2013.2-mdd.lib(awLinearRange2d.obj) : error LNK2038: mismatch detected for '_ITERATOR_DEBUG_LEVEL': value '2' doesn't match value '0' in FBXLoader.obj
     1>fbxsdk-2013.2-mdd.lib(awLinearParamPlane.obj) : error LNK2038: mismatch detected for '_ITERATOR_DEBUG_LEVEL': value '2' doesn't match value '0' in FBXLoader.obj
     1>fbxsdk-2013.2-mdd.lib(awLinearVector.obj) : error LNK2038: mismatch detected for '_ITERATOR_DEBUG_LEVEL': value '2' doesn't match value '0' in FBXLoader.obj
     1>fbxsdk-2013.2-mdd.lib(awLinearNormal.obj) : error LNK2038: mismatch detected for '_ITERATOR_DEBUG_LEVEL': value '2' doesn't match value '0' in FBXLoader.obj
     1>fbxsdk-2013.2-mdd.lib(fbxentryview.obj) : error LNK2038: mismatch detected for '_ITERATOR_DEBUG_LEVEL': value '2' doesn't match value '0' in FBXLoader.obj
     1>fbxsdk-2013.2-mdd.lib(awCacheFileAccessor.obj) : error LNK2038: mismatch detected for '_ITERATOR_DEBUG_LEVEL': value '2' doesn't match value '0' in FBXLoader.obj
     1>fbxsdk-2013.2-mdd.lib(awCacheFileIffIO.obj) : error LNK2038: mismatch detected for '_ITERATOR_DEBUG_LEVEL': value '2' doesn't match value '0' in FBXLoader.obj
     1>fbxsdk-2013.2-mdd.lib(awString.obj) : error LNK2038: mismatch detected for '_ITERATOR_DEBUG_LEVEL': value '2' doesn't match value '0' in FBXLoader.obj
     1>fbxsdk-2013.2-mdd.lib(awOSFilename.obj) : error LNK2038: mismatch detected for '_ITERATOR_DEBUG_LEVEL': value '2' doesn't match value '0' in FBXLoader.obj
     1>fbxsdk-2013.2-mdd.lib(fbxrenamingstrategyfbx6.obj) : error LNK2038: mismatch detected for '_ITERATOR_DEBUG_LEVEL': value '2' doesn't match value '0' in FBXLoader.obj
     1>fbxsdk-2013.2-mdd.lib(fbxembeddedfilesaccumulator.obj) : error LNK2038: mismatch detected for '_ITERATOR_DEBUG_LEVEL': value '2' doesn't match value '0' in FBXLoader.obj
     1>fbxsdk-2013.2-mdd.lib(fbxcolladautils.obj) : error LNK2038: mismatch detected for '_ITERATOR_DEBUG_LEVEL': value '2' doesn't match value '0' in FBXLoader.obj
     1>fbxsdk-2013.2-mdd.lib(fbxcolladaelement.obj) : error LNK2038: mismatch detected for '_ITERATOR_DEBUG_LEVEL': value '2' doesn't match value '0' in FBXLoader.obj
     1>fbxsdk-2013.2-mdd.lib(fbxcolladanamespace.obj) : error LNK2038: mismatch detected for '_ITERATOR_DEBUG_LEVEL': value '2' doesn't match value '0' in FBXLoader.obj
     1>fbxsdk-2013.2-mdd.lib(fbxsemanticentryview.obj) : error LNK2038: mismatch detected for '_ITERATOR_DEBUG_LEVEL': value '2' doesn't match value '0' in FBXLoader.obj
     1>fbxsdk-2013.2-mdd.lib(fbxcolladaiostream.obj) : error LNK2038: mismatch detected for '_ITERATOR_DEBUG_LEVEL': value '2' doesn't match value '0' in FBXLoader.obj
     1>fbxsdk-2013.2-mdd.lib(fbxcolladaanimationelement.obj) : error LNK2038: mismatch detected for '_ITERATOR_DEBUG_LEVEL': value '2' doesn't match value '0' in FBXLoader.obj
     1>fbxsdk-2013.2-mdd.lib(3dsfile.obj) : error LNK2038: mismatch detected for '_ITERATOR_DEBUG_LEVEL': value '2' doesn't match value '0' in FBXLoader.obj
     1>fbxsdk-2013.2-mdd.lib(3dscamm.obj) : error LNK2038: mismatch detected for '_ITERATOR_DEBUG_LEVEL': value '2' doesn't match value '0' in FBXLoader.obj
     1>fbxsdk-2013.2-mdd.lib(3dssptm.obj) : error LNK2038: mismatch detected for '_ITERATOR_DEBUG_LEVEL': value '2' doesn't match value '0' in FBXLoader.obj
     1>fbxsdk-2013.2-mdd.lib(3dsomnm.obj) : error LNK2038: mismatch detected for '_ITERATOR_DEBUG_LEVEL': value '2' doesn't match value '0' in FBXLoader.obj
     1>fbxsdk-2013.2-mdd.lib(3dsobjm.obj) : error LNK2038: mismatch detected for '_ITERATOR_DEBUG_LEVEL': value '2' doesn't match value '0' in FBXLoader.obj
     1>fbxsdk-2013.2-mdd.lib(3dsmatr.obj) : error LNK2038: mismatch detected for '_ITERATOR_DEBUG_LEVEL': value '2' doesn't match value '0' in FBXLoader.obj
     1>fbxsdk-2013.2-mdd.lib(3dscamr.obj) : error LNK2038: mismatch detected for '_ITERATOR_DEBUG_LEVEL': value '2' doesn't match value '0' in FBXLoader.obj
     1>fbxsdk-2013.2-mdd.lib(3dslites.obj) : error LNK2038: mismatch detected for '_ITERATOR_DEBUG_LEVEL': value '2' doesn't match value '0' in FBXLoader.obj
     1>fbxsdk-2013.2-mdd.lib(3dsmobj.obj) : error LNK2038: mismatch detected for '_ITERATOR_DEBUG_LEVEL': value '2' doesn't match value '0' in FBXLoader.obj
     1>fbxsdk-2013.2-mdd.lib(3dsmset.obj) : error LNK2038: mismatch detected for '_ITERATOR_DEBUG_LEVEL': value '2' doesn't match value '0' in FBXLoader.obj
     1>fbxsdk-2013.2-mdd.lib(dbase3ds.obj) : error LNK2038: mismatch detected for '_ITERATOR_DEBUG_LEVEL': value '2' doesn't match value '0' in FBXLoader.obj
     1>fbxsdk-2013.2-mdd.lib(3dserr.obj) : error LNK2038: mismatch detected for '_ITERATOR_DEBUG_LEVEL': value '2' doesn't match value '0' in FBXLoader.obj
     1>fbxsdk-2013.2-mdd.lib(3dsbgnd.obj) : error LNK2038: mismatch detected for '_ITERATOR_DEBUG_LEVEL': value '2' doesn't match value '0' in FBXLoader.obj
     1>fbxsdk-2013.2-mdd.lib(fbxanimcurvefilterkeyreducer.obj) : error LNK2038: mismatch detected for '_ITERATOR_DEBUG_LEVEL': value '2' doesn't match value '0' in FBXLoader.obj
     1>fbxsdk-2013.2-mdd.lib(3dskey.obj) : error LNK2038: mismatch detected for '_ITERATOR_DEBUG_LEVEL': value '2' doesn't match value '0' in FBXLoader.obj
     1>fbxsdk-2013.2-mdd.lib(3dsrobj.obj) : error LNK2038: mismatch detected for '_ITERATOR_DEBUG_LEVEL': value '2' doesn't match value '0' in FBXLoader.obj
     1>fbxsdk-2013.2-mdd.lib(3dsiobj.obj) : error LNK2038: mismatch detected for '_ITERATOR_DEBUG_LEVEL': value '2' doesn't match value '0' in FBXLoader.obj
     1>fbxsdk-2013.2-mdd.lib(fbxtextfile.obj) : error LNK2038: mismatch detected for '_ITERATOR_DEBUG_LEVEL': value '2' doesn't match value '0' in FBXLoader.obj
     1>fbxsdk-2013.2-mdd.lib(fbxfilebiovision.obj) : error LNK2038: mismatch detected for '_ITERATOR_DEBUG_LEVEL': value '2' doesn't match value '0' in FBXLoader.obj
     1>fbxsdk-2013.2-mdd.lib(fbxfilemotionanalysishtr.obj) : error LNK2038: mismatch detected for '_ITERATOR_DEBUG_LEVEL': value '2' doesn't match value '0' in FBXLoader.obj
     1>fbxsdk-2013.2-mdd.lib(fbxreadermotionbase.obj) : error LNK2038: mismatch detected for '_ITERATOR_DEBUG_LEVEL': value '2' doesn't match value '0' in FBXLoader.obj
     1>fbxsdk-2013.2-mdd.lib(fbxfilemotionanalysistrc.obj) : error LNK2038: mismatch detected for '_ITERATOR_DEBUG_LEVEL': value '2' doesn't match value '0' in FBXLoader.obj
     1>fbxsdk-2013.2-mdd.lib(fbxwritermotionbase.obj) : error LNK2038: mismatch detected for '_ITERATOR_DEBUG_LEVEL': value '2' doesn't match value '0' in FBXLoader.obj
     1>fbxsdk-2013.2-mdd.lib(fbxfileacclaimasf.obj) : error LNK2038: mismatch detected for '_ITERATOR_DEBUG_LEVEL': value '2' doesn't match value '0' in FBXLoader.obj
     1>fbxsdk-2013.2-mdd.lib(fbxfileacclaimamc.obj) : error LNK2038: mismatch detected for '_ITERATOR_DEBUG_LEVEL': value '2' doesn't match value '0' in FBXLoader.obj
     1>fbxsdk-2013.2-mdd.lib(fbxfilevicon.obj) : error LNK2038: mismatch detected for '_ITERATOR_DEBUG_LEVEL': value '2' doesn't match value '0' in FBXLoader.obj
     1>fbxsdk-2013.2-mdd.lib(fbxfileadaptiveoptics.obj) : error LNK2038: mismatch detected for '_ITERATOR_DEBUG_LEVEL': value '2' doesn't match value '0' in FBXLoader.obj
     1>fbxsdk-2013.2-mdd.lib(kfcurvefilterkeysync.obj) : error LNK2038: mismatch detected for '_ITERATOR_DEBUG_LEVEL': value '2' doesn't match value '0' in FBXLoader.obj
     1>fbxsdk-2013.2-mdd.lib(xmlunicode.obj) : error LNK2038: mismatch detected for '_ITERATOR_DEBUG_LEVEL': value '2' doesn't match value '0' in FBXLoader.obj
     1>fbxsdk-2013.2-mdd.lib(xmlreader.obj) : error LNK2038: mismatch detected for '_ITERATOR_DEBUG_LEVEL': value '2' doesn't match value '0' in FBXLoader.obj
     1>fbxsdk-2013.2-mdd.lib(zutil.obj) : error LNK2038: mismatch detected for '_ITERATOR_DEBUG_LEVEL': value '2' doesn't match value '0' in FBXLoader.obj
     1>fbxsdk-2013.2-mdd.lib(trees.obj) : error LNK2038: mismatch detected for '_ITERATOR_DEBUG_LEVEL': value '2' doesn't match value '0' in FBXLoader.obj
     1>fbxsdk-2013.2-mdd.lib(crc32.obj) : error LNK2038: mismatch detected for '_ITERATOR_DEBUG_LEVEL': value '2' doesn't match value '0' in FBXLoader.obj
     1>fbxsdk-2013.2-mdd.lib(compress.obj) : error LNK2038: mismatch detected for '_ITERATOR_DEBUG_LEVEL': value '2' doesn't match value '0' in FBXLoader.obj
     1>fbxsdk-2013.2-mdd.lib(inffast.obj) : error LNK2038: mismatch detected for '_ITERATOR_DEBUG_LEVEL': value '2' doesn't match value '0' in FBXLoader.obj
     1>fbxsdk-2013.2-mdd.lib(inftrees.obj) : error LNK2038: mismatch detected for '_ITERATOR_DEBUG_LEVEL': value '2' doesn't match value '0' in FBXLoader.obj
     1>fbxsdk-2013.2-mdd.lib(awOSFSAllocator.obj) : error LNK2038: mismatch detected for '_ITERATOR_DEBUG_LEVEL': value '2' doesn't match value '0' in FBXLoader.obj
     1>fbxsdk-2013.2-mdd.lib(awLinearPlane.obj) : error LNK2038: mismatch detected for '_ITERATOR_DEBUG_LEVEL': value '2' doesn't match value '0' in FBXLoader.obj
     1>fbxsdk-2013.2-mdd.lib(awLinearParamLine.obj) : error LNK2038: mismatch detected for '_ITERATOR_DEBUG_LEVEL': value '2' doesn't match value '0' in FBXLoader.obj
     1>fbxsdk-2013.2-mdd.lib(awLinearParamLine2.obj) : error LNK2038: mismatch detected for '_ITERATOR_DEBUG_LEVEL': value '2' doesn't match value '0' in FBXLoader.obj
     1>fbxsdk-2013.2-mdd.lib(awLinearRange1d.obj) : error LNK2038: mismatch detected for '_ITERATOR_DEBUG_LEVEL': value '2' doesn't match value '0' in FBXLoader.obj
     1>fbxsdk-2013.2-mdd.lib(awLinearRange3d.obj) : error LNK2038: mismatch detected for '_ITERATOR_DEBUG_LEVEL': value '2' doesn't match value '0' in FBXLoader.obj
     1>fbxsdk-2013.2-mdd.lib(awLinearAffineMatrix.obj) : error LNK2038: mismatch detected for '_ITERATOR_DEBUG_LEVEL': value '2' doesn't match value '0' in FBXLoader.obj
     1>fbxsdk-2013.2-mdd.lib(awThreadSemaphore.obj) : error LNK2038: mismatch detected for '_ITERATOR_DEBUG_LEVEL': value '2' doesn't match value '0' in FBXLoader.obj
     1>fbxsdk-2013.2-mdd.lib(awThreadMutex.obj) : error LNK2038: mismatch detected for '_ITERATOR_DEBUG_LEVEL': value '2' doesn't match value '0' in FBXLoader.obj
     1>fbxsdk-2013.2-mdd.lib(awCacheChannel.obj) : error LNK2038: mismatch detected for '_ITERATOR_DEBUG_LEVEL': value '2' doesn't match value '0' in FBXLoader.obj
     1>fbxsdk-2013.2-mdd.lib(awUtilError.obj) : error LNK2038: mismatch detected for '_ITERATOR_DEBUG_LEVEL': value '2' doesn't match value '0' in FBXLoader.obj
     1>fbxsdk-2013.2-mdd.lib(awOSFile.obj) : error LNK2038: mismatch detected for '_ITERATOR_DEBUG_LEVEL': value '2' doesn't match value '0' in FBXLoader.obj
     1>fbxsdk-2013.2-mdd.lib(awOSFileFactory.obj) : error LNK2038: mismatch detected for '_ITERATOR_DEBUG_LEVEL': value '2' doesn't match value '0' in FBXLoader.obj
     1>fbxsdk-2013.2-mdd.lib(awCacheDescriptionIO.obj) : error LNK2038: mismatch detected for '_ITERATOR_DEBUG_LEVEL': value '2' doesn't match value '0' in FBXLoader.obj
     1>fbxsdk-2013.2-mdd.lib(awThread.obj) : error LNK2038: mismatch detected for '_ITERATOR_DEBUG_LEVEL': value '2' doesn't match value '0' in FBXLoader.obj
     1>fbxsdk-2013.2-mdd.lib(awIffFile.obj) : error LNK2038: mismatch detected for '_ITERATOR_DEBUG_LEVEL': value '2' doesn't match value '0' in FBXLoader.obj
     1>fbxsdk-2013.2-mdd.lib(awCacheFileIO.obj) : error LNK2038: mismatch detected for '_ITERATOR_DEBUG_LEVEL': value '2' doesn't match value '0' in FBXLoader.obj
     1>fbxsdk-2013.2-mdd.lib(iff_bgnrgroup.obj) : error LNK2038: mismatch detected for '_ITERATOR_DEBUG_LEVEL': value '2' doesn't match value '0' in FBXLoader.obj
     1>fbxsdk-2013.2-mdd.lib(iff_seek.obj) : error LNK2038: mismatch detected for '_ITERATOR_DEBUG_LEVEL': value '2' doesn't match value '0' in FBXLoader.obj
     1>fbxsdk-2013.2-mdd.lib(iff_flibopen.obj) : error LNK2038: mismatch detected for '_ITERATOR_DEBUG_LEVEL': value '2' doesn't match value '0' in FBXLoader.obj
     1>fbxsdk-2013.2-mdd.lib(awIffTag.obj) : error LNK2038: mismatch detected for '_ITERATOR_DEBUG_LEVEL': value '2' doesn't match value '0' in FBXLoader.obj
     1>fbxsdk-2013.2-mdd.lib(iff_getchunk.obj) : error LNK2038: mismatch detected for '_ITERATOR_DEBUG_LEVEL': value '2' doesn't match value '0' in FBXLoader.obj
     1>fbxsdk-2013.2-mdd.lib(iff_bgnget.obj) : error LNK2038: mismatch detected for '_ITERATOR_DEBUG_LEVEL': value '2' doesn't match value '0' in FBXLoader.obj
     1>fbxsdk-2013.2-mdd.lib(iff_gets.obj) : error LNK2038: mismatch detected for '_ITERATOR_DEBUG_LEVEL': value '2' doesn't match value '0' in FBXLoader.obj
     1>fbxsdk-2013.2-mdd.lib(al_nprintf.obj) : error LNK2038: mismatch detected for '_ITERATOR_DEBUG_LEVEL': value '2' doesn't match value '0' in FBXLoader.obj
     1>fbxsdk-2013.2-mdd.lib(awStringCType.obj) : error LNK2038: mismatch detected for '_ITERATOR_DEBUG_LEVEL': value '2' doesn't match value '0' in FBXLoader.obj
     1>fbxsdk-2013.2-mdd.lib(awStringConvert.obj) : error LNK2038: mismatch detected for '_ITERATOR_DEBUG_LEVEL': value '2' doesn't match value '0' in FBXLoader.obj
     1>fbxsdk-2013.2-mdd.lib(assert.obj) : error LNK2038: mismatch detected for '_ITERATOR_DEBUG_LEVEL': value '2' doesn't match value '0' in FBXLoader.obj
     1>fbxsdk-2013.2-mdd.lib(3dsstrlf.obj) : error LNK2038: mismatch detected for '_ITERATOR_DEBUG_LEVEL': value '2' doesn't match value '0' in FBXLoader.obj
     1>fbxsdk-2013.2-mdd.lib(strdup.obj) : error LNK2038: mismatch detected for '_ITERATOR_DEBUG_LEVEL': value '2' doesn't match value '0' in FBXLoader.obj
     1>fbxsdk-2013.2-mdd.lib(kfutils.obj) : error LNK2038: mismatch detected for '_ITERATOR_DEBUG_LEVEL': value '2' doesn't match value '0' in FBXLoader.obj
     1>fbxsdk-2013.2-mdd.lib(chunk3ds.obj) : error LNK2038: mismatch detected for '_ITERATOR_DEBUG_LEVEL': value '2' doesn't match value '0' in FBXLoader.obj
     1>fbxsdk-2013.2-mdd.lib(3dsprim.obj) : error LNK2038: mismatch detected for '_ITERATOR_DEBUG_LEVEL': value '2' doesn't match value '0' in FBXLoader.obj
     1>fbxsdk-2013.2-mdd.lib(seekchil.obj) : error LNK2038: mismatch detected for '_ITERATOR_DEBUG_LEVEL': value '2' doesn't match value '0' in FBXLoader.obj
     1>fbxsdk-2013.2-mdd.lib(3dshier.obj) : error LNK2038: mismatch detected for '_ITERATOR_DEBUG_LEVEL': value '2' doesn't match value '0' in FBXLoader.obj
     1>fbxsdk-2013.2-mdd.lib(3dsvers.obj) : error LNK2038: mismatch detected for '_ITERATOR_DEBUG_LEVEL': value '2' doesn't match value '0' in FBXLoader.obj
     1>fbxsdk-2013.2-mdd.lib(fbxuniquenameobjectlist.obj) : error LNK2038: mismatch detected for '_ITERATOR_DEBUG_LEVEL': value '2' doesn't match value '0' in FBXLoader.obj
     1>fbxsdk-2013.2-mdd.lib(fbxanimcurvefiltergimblekiller.obj) : error LNK2038: mismatch detected for '_ITERATOR_DEBUG_LEVEL': value '2' doesn't match value '0' in FBXLoader.obj
     1>fbxsdk-2013.2-mdd.lib(fbxviconbase.obj) : error LNK2038: mismatch detected for '_ITERATOR_DEBUG_LEVEL': value '2' doesn't match value '0' in FBXLoader.obj
     1>fbxsdk-2013.2-mdd.lib(xinclude.obj) : error LNK2038: mismatch detected for '_ITERATOR_DEBUG_LEVEL': value '2' doesn't match value '0' in FBXLoader.obj
     1>fbxsdk-2013.2-mdd.lib(awCacheData.obj) : error LNK2038: mismatch detected for '_ITERATOR_DEBUG_LEVEL': value '2' doesn't match value '0' in FBXLoader.obj
     1>fbxsdk-2013.2-mdd.lib(awOSIOStream.obj) : error LNK2038: mismatch detected for '_ITERATOR_DEBUG_LEVEL': value '2' doesn't match value '0' in FBXLoader.obj
     1>fbxsdk-2013.2-mdd.lib(awOSFileTransport.obj) : error LNK2038: mismatch detected for '_ITERATOR_DEBUG_LEVEL': value '2' doesn't match value '0' in FBXLoader.obj
     1>fbxsdk-2013.2-mdd.lib(awOSFileStatus.obj) : error LNK2038: mismatch detected for '_ITERATOR_DEBUG_LEVEL': value '2' doesn't match value '0' in FBXLoader.obj
     1>fbxsdk-2013.2-mdd.lib(awOSLocalFileTransport.obj) : error LNK2038: mismatch detected for '_ITERATOR_DEBUG_LEVEL': value '2' doesn't match value '0' in FBXLoader.obj
     1>fbxsdk-2013.2-mdd.lib(awRTBSignals.obj) : error LNK2038: mismatch detected for '_ITERATOR_DEBUG_LEVEL': value '2' doesn't match value '0' in FBXLoader.obj
     1>fbxsdk-2013.2-mdd.lib(iff_readchunk.obj) : error LNK2038: mismatch detected for '_ITERATOR_DEBUG_LEVEL': value '2' doesn't match value '0' in FBXLoader.obj
     1>fbxsdk-2013.2-mdd.lib(iff_errno.obj) : error LNK2038: mismatch detected for '_ITERATOR_DEBUG_LEVEL': value '2' doesn't match value '0' in FBXLoader.obj
     1>fbxsdk-2013.2-mdd.lib(iff_write.obj) : error LNK2038: mismatch detected for '_ITERATOR_DEBUG_LEVEL': value '2' doesn't match value '0' in FBXLoader.obj
     1>fbxsdk-2013.2-mdd.lib(iff_puts.obj) : error LNK2038: mismatch detected for '_ITERATOR_DEBUG_LEVEL': value '2' doesn't match value '0' in FBXLoader.obj
     1>fbxsdk-2013.2-mdd.lib(iff_bgnput.obj) : error LNK2038: mismatch detected for '_ITERATOR_DEBUG_LEVEL': value '2' doesn't match value '0' in FBXLoader.obj
     1>fbxsdk-2013.2-mdd.lib(iff_putchunk.obj) : error LNK2038: mismatch detected for '_ITERATOR_DEBUG_LEVEL': value '2' doesn't match value '0' in FBXLoader.obj
     1>fbxsdk-2013.2-mdd.lib(iff_bgnwgroup.obj) : error LNK2038: mismatch detected for '_ITERATOR_DEBUG_LEVEL': value '2' doesn't match value '0' in FBXLoader.obj
     1>fbxsdk-2013.2-mdd.lib(iff_skipgroup.obj) : error LNK2038: mismatch detected for '_ITERATOR_DEBUG_LEVEL': value '2' doesn't match value '0' in FBXLoader.obj
     1>fbxsdk-2013.2-mdd.lib(iff_context.obj) : error LNK2038: mismatch detected for '_ITERATOR_DEBUG_LEVEL': value '2' doesn't match value '0' in FBXLoader.obj
     1>fbxsdk-2013.2-mdd.lib(iff_unread.obj) : error LNK2038: mismatch detected for '_ITERATOR_DEBUG_LEVEL': value '2' doesn't match value '0' in FBXLoader.obj
     1>fbxsdk-2013.2-mdd.lib(iff_read.obj) : error LNK2038: mismatch detected for '_ITERATOR_DEBUG_LEVEL': value '2' doesn't match value '0' in FBXLoader.obj
     1>fbxsdk-2013.2-mdd.lib(iff_flush.obj) : error LNK2038: mismatch detected for '_ITERATOR_DEBUG_LEVEL': value '2' doesn't match value '0' in FBXLoader.obj
     1>fbxsdk-2013.2-mdd.lib(iff_findfile.obj) : error LNK2038: mismatch detected for '_ITERATOR_DEBUG_LEVEL': value '2' doesn't match value '0' in FBXLoader.obj
     1>fbxsdk-2013.2-mdd.lib(iff_nodes.obj) : error LNK2038: mismatch detected for '_ITERATOR_DEBUG_LEVEL': value '2' doesn't match value '0' in FBXLoader.obj
     1>fbxsdk-2013.2-mdd.lib(iff_fmemory.obj) : error LNK2038: mismatch detected for '_ITERATOR_DEBUG_LEVEL': value '2' doesn't match value '0' in FBXLoader.obj
     1>fbxsdk-2013.2-mdd.lib(iff_fdwrite.obj) : error LNK2038: mismatch detected for '_ITERATOR_DEBUG_LEVEL': value '2' doesn't match value '0' in FBXLoader.obj
     1>fbxsdk-2013.2-mdd.lib(iff_marks.obj) : error LNK2038: mismatch detected for '_ITERATOR_DEBUG_LEVEL': value '2' doesn't match value '0' in FBXLoader.obj
     1>fbxsdk-2013.2-mdd.lib(iff_list.obj) : error LNK2038: mismatch detected for '_ITERATOR_DEBUG_LEVEL': value '2' doesn't match value '0' in FBXLoader.obj
     1>fbxsdk-2013.2-mdd.lib(iff_getext.obj) : error LNK2038: mismatch detected for '_ITERATOR_DEBUG_LEVEL': value '2' doesn't match value '0' in FBXLoader.obj
     1>fbxsdk-2013.2-mdd.lib(iff_filter.obj) : error LNK2038: mismatch detected for '_ITERATOR_DEBUG_LEVEL': value '2' doesn't match value '0' in FBXLoader.obj
     1>fbxsdk-2013.2-mdd.lib(iff_spipe.obj) : error LNK2038: mismatch detected for '_ITERATOR_DEBUG_LEVEL': value '2' doesn't match value '0' in FBXLoader.obj
     1>fbxsdk-2013.2-mdd.lib(iff_oserror.obj) : error LNK2038: mismatch detected for '_ITERATOR_DEBUG_LEVEL': value '2' doesn't match value '0' in FBXLoader.obj
     1>fbxsdk-2013.2-mdd.lib(iff_tmpname.obj) : error LNK2038: mismatch detected for '_ITERATOR_DEBUG_LEVEL': value '2' doesn't match value '0' in FBXLoader.obj
     1>fbxsdk-2013.2-mdd.lib(iff_sget.obj) : error LNK2038: mismatch detected for '_ITERATOR_DEBUG_LEVEL': value '2' doesn't match value '0' in FBXLoader.obj
     1>fbxsdk-2013.2-mdd.lib(iff_flsetid.obj) : error LNK2038: mismatch detected for '_ITERATOR_DEBUG_LEVEL': value '2' doesn't match value '0' in FBXLoader.obj
     1>fbxsdk-2013.2-mdd.lib(smartall.obj) : error LNK2038: mismatch detected for '_ITERATOR_DEBUG_LEVEL': value '2' doesn't match value '0' in FBXLoader.obj
     1>fbxsdk-2013.2-mdd.lib(3dsutil.obj) : error LNK2038: mismatch detected for '_ITERATOR_DEBUG_LEVEL': value '2' doesn't match value '0' in FBXLoader.obj
     1>fbxsdk-2013.2-mdd.lib(swapbyte.obj) : error LNK2038: mismatch detected for '_ITERATOR_DEBUG_LEVEL': value '2' doesn't match value '0' in FBXLoader.obj
     1>fbxsdk-2013.2-mdd.lib(awRTBFunctions.obj) : error LNK2038: mismatch detected for '_ITERATOR_DEBUG_LEVEL': value '2' doesn't match value '0' in FBXLoader.obj
     1>fbxsdk-2013.2-mdd.lib(iff_wait.obj) : error LNK2038: mismatch detected for '_ITERATOR_DEBUG_LEVEL': value '2' doesn't match value '0' in FBXLoader.obj
     1>fbxsdk-2013.2-mdd.lib(iff_setdelay.obj) : error LNK2038: mismatch detected for '_ITERATOR_DEBUG_LEVEL': value '2' doesn't match value '0' in FBXLoader.obj
     1>fbxsdk-2013.2-mdd.lib(iff_flpath.obj) : error LNK2038: mismatch detected for '_ITERATOR_DEBUG_LEVEL': value '2' doesn't match value '0' in FBXLoader.obj
     1>fbxsdk-2013.2-mdd.lib(iff_gettype.obj) : error LNK2038: mismatch detected for '_ITERATOR_DEBUG_LEVEL': value '2' doesn't match value '0' in FBXLoader.obj
     1>fbxsdk-2013.2-mdd.lib(iff_scanlist.obj) : error LNK2038: mismatch detected for '_ITERATOR_DEBUG_LEVEL': value '2' doesn't match value '0' in FBXLoader.obj
     1>fbxsdk-2013.2-mdd.lib(iff_exec.obj) : error LNK2038: mismatch detected for '_ITERATOR_DEBUG_LEVEL': value '2' doesn't match value '0' in FBXLoader.obj
     1>fbxsdk-2013.2-mdd.lib(iff_work.obj) : error LNK2038: mismatch detected for '_ITERATOR_DEBUG_LEVEL': value '2' doesn't match value '0' in FBXLoader.obj
     1>LINK : warning LNK4098: defaultlib 'MSVCRTD' conflicts with use of other libs; use /NODEFAULTLIB:library
     1>E:\MzG Engine\Release\MzG Engine.exe : fatal error LNK1319: 417 mismatches detected
     1>Done Building Project "E:\MzG Engine\MzG Engine\MzG Engine.vcxproj" (build target(s)) -- FAILED.

Build FAILED.

Time Elapsed 00:00:00.68
